

Microchip Technology PIC18 LITE Macro Assembler V1.45 build -152302408 
                                                                                               Fri Jul 19 11:52:32 2019

Microchip Technology Omniscient Code Generator v1.45 (Free mode) build 201711160504
     1                           	processor	18F4520
     2                           	fnconf	rparam,??,?,0
     3                           	opt	pw 120
     4                           	opt	lm
     5                           	psect	cinit,global,reloc=2,class=CODE,delta=1
     6                           	psect	cstackCOMRAM,global,class=COMRAM,space=1,delta=1,noexec
     7                           	psect	text0,global,reloc=2,class=CODE,delta=1
     8                           	psect	intsave_regs,global,class=BIGRAM,space=1,delta=1,noexec
     9                           	psect	rparam,global,class=COMRAM,space=1,delta=1,noexec
    10  0000                     
    11                           ; Version 1.45
    12                           ; Generated 16/11/2017 GMT
    13                           ; 
    14                           ; Copyright © 2017, Microchip Technology Inc. and its subsidiaries ("Microchip")
    15                           ; All rights reserved.
    16                           ; 
    17                           ; This software is developed by Microchip Technology Inc. and its subsidiaries ("Microch
      +                          ip").
    18                           ; 
    19                           ; Redistribution and use in source and binary forms, with or without modification, are
    20                           ; permitted provided that the following conditions are met:
    21                           ; 
    22                           ;     1. Redistributions of source code must retain the above copyright notice, this lis
      +                          t of
    23                           ;        conditions and the following disclaimer.
    24                           ; 
    25                           ;     2. Redistributions in binary form must reproduce the above copyright notice, this 
      +                          list
    26                           ;        of conditions and the following disclaimer in the documentation and/or other
    27                           ;        materials provided with the distribution.
    28                           ; 
    29                           ;     3. Microchip's name may not be used to endorse or promote products derived from th
      +                          is
    30                           ;        software without specific prior written permission.
    31                           ; 
    32                           ; THIS SOFTWARE IS PROVIDED BY MICROCHIP "AS IS" AND ANY EXPRESS OR IMPLIED WARRANTIES,
    33                           ; INCLUDING, BUT NOT LIMITED TO, THE IMPLIED WARRANTIES OF MERCHANTABILITY AND FITNESS F
      +                          OR
    34                           ; PURPOSE ARE DISCLAIMED.  IN NO EVENT SHALL MICROCHIP BE LIABLE FOR ANY DIRECT, INDIREC
      +                          T,
    35                           ; INCIDENTAL, SPECIAL, EXEMPLARY, OR CONSEQUENTIAL DAMAGES (INCLUDING BUT NOT LIMITED TO
    36                           ; PROCUREMENT OF SUBSTITUTE GOODS OR SERVICES; LOSS OF USE, DATA OR PROFITS; OR BUSINESS
    37                           ; INTERRUPTION) HOWSOEVER CAUSED AND ON ANY THEORY OF LIABILITY, WHETHER IN CONTRACT, ST
      +                          RICT
    38                           ; LIABILITY, OR TORT (INCLUDING NEGLIGENCE OR OTHERWISE) ARISING IN ANY WAY OUT OF THE U
      +                          SE OF
    39                           ; THIS SOFTWARE, EVEN IF ADVISED OF THE POSSIBILITY OF SUCH DAMAGE.
    40                           ; 
    41                           ; 
    42                           ; Code-generator required, PIC18F4520 Definitions
    43                           ; 
    44                           ; SFR Addresses
    45  0000                     _SSPBUF	set	4041
    46  0000                     _LATD	set	3980
    47  0000                     _SSPCON1	set	4038
    48  0000                     _SSPSTAT	set	4039
    49  0000                     _TRISD	set	3989
    50  0000                     _TRISA	set	3986
    51  0000                     _TRISC	set	3988
    52  0000                     _CMCON	set	4020
    53  0000                     _ADCON1	set	4033
    54  0000                     _BF	set	32312
    55                           
    56                           ; #config settings
    57  0000                     
    58                           	psect	cinit
    59  007FBA                     __pcinit:
    60                           	opt stack 0
    61  007FBA                     start_initialization:
    62                           	opt stack 0
    63  007FBA                     __initialization:
    64                           	opt stack 0
    65  007FBA                     end_of_initialization:
    66                           	opt stack 0
    67  007FBA                     __end_of__initialization:
    68                           	opt stack 0
    69  007FBA  0100               	movlb	0
    70  007FBC  EFE0  F03F         	goto	_main	;jump to C main() function
    71                           
    72                           	psect	cstackCOMRAM
    73  000001                     __pcstackCOMRAM:
    74                           	opt stack 0
    75  000001                     main@c:
    76                           	opt stack 0
    77                           
    78                           ; 1 bytes @ 0x0
    79  000001                     	ds	1
    80                           
    81 ;;
    82 ;;Main: autosize = 0, tempsize = 0, incstack = 0, save=0
    83 ;;
    84 ;; *************** function _main *****************
    85 ;; Defined at:
    86 ;;		line 69 in file "slave.c"
    87 ;; Parameters:    Size  Location     Type
    88 ;;		None
    89 ;; Auto vars:     Size  Location     Type
    90 ;;  c               1    0[COMRAM] unsigned char 
    91 ;; Return value:  Size  Location     Type
    92 ;;                  1    wreg      void 
    93 ;; Registers used:
    94 ;;		wreg, status,2, status,0
    95 ;; Tracked objects:
    96 ;;		On entry : 0/0
    97 ;;		On exit  : 0/0
    98 ;;		Unchanged: 0/0
    99 ;; Data sizes:     COMRAM   BANK0   BANK1   BANK2   BANK3   BANK4   BANK5
   100 ;;      Params:         0       0       0       0       0       0       0
   101 ;;      Locals:         1       0       0       0       0       0       0
   102 ;;      Temps:          0       0       0       0       0       0       0
   103 ;;      Totals:         1       0       0       0       0       0       0
   104 ;;Total ram usage:        1 bytes
   105 ;; This function calls:
   106 ;;		Nothing
   107 ;; This function is called by:
   108 ;;		Startup code after reset
   109 ;; This function uses a non-reentrant model
   110 ;;
   111                           
   112                           	psect	text0
   113  007FC0                     __ptext0:
   114                           	opt stack 0
   115  007FC0                     _main:
   116                           	opt stack 31
   117                           
   118                           ;slave.c: 71: ADCON1=0X0F;
   119                           
   120                           ;incstack = 0
   121  007FC0  0E0F               	movlw	15
   122  007FC2  6EC1               	movwf	4033,c	;volatile
   123                           
   124                           ;slave.c: 72: CMCON=0X07;
   125  007FC4  0E07               	movlw	7
   126  007FC6  6EB4               	movwf	4020,c	;volatile
   127                           
   128                           ;slave.c: 73: TRISC=0b00011000;
   129  007FC8  0E18               	movlw	24
   130  007FCA  6E94               	movwf	3988,c	;volatile
   131                           
   132                           ;slave.c: 74: TRISA=0X20;
   133  007FCC  0E20               	movlw	32
   134  007FCE  6E92               	movwf	3986,c	;volatile
   135                           
   136                           ;slave.c: 75: TRISD=0X00;
   137  007FD0  0E00               	movlw	0
   138  007FD2  6E95               	movwf	3989,c	;volatile
   139                           
   140                           ;slave.c: 76: SSPSTAT=0b01000000;
   141  007FD4  0E40               	movlw	64
   142  007FD6  6EC7               	movwf	4039,c	;volatile
   143                           
   144                           ;slave.c: 77: SSPCON1=0b00010101;
   145  007FD8  0E15               	movlw	21
   146  007FDA  6EC6               	movwf	4038,c	;volatile
   147                           
   148                           ;slave.c: 78: SSPCON1=0b00110101;
   149  007FDC  0E35               	movlw	53
   150  007FDE  6EC6               	movwf	4038,c	;volatile
   151  007FE0                     
   152                           ;slave.c: 79: unsigned char c;
   153                           ;slave.c: 80: LATD=0X00;
   154  007FE0  0E00               	movlw	0
   155  007FE2  6E8C               	movwf	3980,c	;volatile
   156  007FE4                     
   157                           ;slave.c: 82: {
   158                           ;slave.c: 83: while(BF==0);
   159  007FE4  A0C7               	btfss	4039,0,c	;volatile
   160  007FE6  D7FE               	goto	l25
   161                           
   162                           ;slave.c: 84: BF=0;
   163  007FE8  90C7               	bcf	4039,0,c	;volatile
   164                           
   165                           ;slave.c: 85: c=SSPBUF;
   166  007FEA  CFC9 F001          	movff	4041,main@c	;volatile
   167                           
   168                           ;slave.c: 86: if(c=='1')
   169  007FEE  0E31               	movlw	49
   170  007FF0  1801               	xorwf	main@c,w,c
   171  007FF2  B4D8               	btfsc	status,2,c
   172                           
   173                           ;slave.c: 87: {
   174                           ;slave.c: 88: LATD=0XFF;
   175  007FF4  688C               	setf	3980,c	;volatile
   176                           
   177                           ;slave.c: 89: }
   178                           ;slave.c: 90: if(c=='2')
   179  007FF6  0E32               	movlw	50
   180  007FF8  1801               	xorwf	main@c,w,c
   181  007FFA  A4D8               	btfss	status,2,c
   182  007FFC  D7F3               	goto	l25
   183  007FFE  D7F0               	goto	L1
   184  008000                     __end_of_main:
   185                           	opt stack 0
   186  0000                     status	equ	0xFD8
   187                           status	equ	0xFD8
   188                           
   189                           	psect	rparam
   190  0000                     status	equ	0xFD8


Data Sizes:
    Strings     0
    Constant    0
    Data        0
    BSS         0
    Persistent  0
    Stack       0

Auto Spaces:
    Space          Size  Autos    Used
    COMRAM          127      1       1
    BANK0           128      0       0
    BANK1           256      0       0
    BANK2           256      0       0
    BANK3           256      0       0
    BANK4           256      0       0
    BANK5           256      0       0

Pointer List with Targets:

    None.

Critical Paths under _main in COMRAM

    None.

Critical Paths under _main in BANK0

    None.

Critical Paths under _main in BANK1

    None.

Critical Paths under _main in BANK2

    None.

Critical Paths under _main in BANK3

    None.

Critical Paths under _main in BANK4

    None.

Critical Paths under _main in BANK5

    None.

Call Graph Tables:

 ---------------------------------------------------------------------------------
 (Depth) Function   	        Calls       Base Space   Used Autos Params    Refs
 ---------------------------------------------------------------------------------
 (0) _main                                                 1     1      0      30
                                              0 COMRAM     1     1      0
 ---------------------------------------------------------------------------------
 Estimated maximum stack depth 0
 ---------------------------------------------------------------------------------

 Call Graph Graphs:

 _main (ROOT)

 Address spaces:
Name               Size   Autos  Total    Cost      Usage
BITCOMRAM           7F      0       0       0        0.0%
EEDATA             100      0       0       0        0.0%
NULL                 0      0       0       0        0.0%
CODE                 0      0       0       0        0.0%
COMRAM              7F      1       1       1        0.8%
STACK                0      0       0       2        0.0%
DATA                 0      0       0       3        0.0%
BITBANK0            80      0       0       4        0.0%
BANK0               80      0       0       5        0.0%
BITBANK1           100      0       0       6        0.0%
BANK1              100      0       0       7        0.0%
BITBANK2           100      0       0       8        0.0%
BANK2              100      0       0       9        0.0%
BITBANK3           100      0       0      10        0.0%
BANK3              100      0       0      11        0.0%
BITBANK4           100      0       0      12        0.0%
BANK4              100      0       0      13        0.0%
BANK5              100      0       0      14        0.0%
ABS                  0      0       0      15        0.0%
BITBANK5           100      0       0      16        0.0%
BIGRAM             5FF      0       0      17        0.0%
BITSFR               0      0       0     200        0.0%
SFR                  0      0       0     200        0.0%


Microchip Technology PIC18 Macro Assembler V1.45 build -152302408 
Symbol Table                                                                                   Fri Jul 19 11:52:32 2019

                     _BF 007E38                       l25 7FE4              __CFG_BORV$3 000000  
           __CFG_CP0$OFF 000000             __CFG_CP1$OFF 000000             __CFG_CP2$OFF 000000  
           __CFG_CP3$OFF 000000              __CFG_OSC$HS 000000             __CFG_CPB$OFF 000000  
           __CFG_CPD$OFF 000000             __CFG_LVP$OFF 000000             __CFG_WDT$OFF 000000  
                   _LATD 000F8C                     _main 7FC0                     start 0000  
          __CFG_IESO$OFF 000000            __CFG_MCLRE$ON 000000             ___param_bank 000000  
                  ?_main 0001                    _CMCON 000FB4                    _TRISA 000F92  
                  _TRISC 000F94                    _TRISD 000F95            __CFG_PWRT$OFF 000000  
          __CFG_WRT0$OFF 000000            __CFG_WRT1$OFF 000000            __CFG_WRT2$OFF 000000  
          __CFG_WRT3$OFF 000000           __CFG_EBTR0$OFF 000000           __CFG_FCMEN$OFF 000000  
         __CFG_EBTR1$OFF 000000           __CFG_EBTR2$OFF 000000           __CFG_EBTR3$OFF 000000  
          __CFG_WRTB$OFF 000000            __CFG_WRTC$OFF 000000            __CFG_WRTD$OFF 000000  
         __CFG_EBTRB$OFF 000000                    main@c 0001                    status 000FD8  
         __CFG_PBADEN$ON 000000          __initialization 7FBA             __end_of_main 8000  
                 ??_main 0001            __activetblptr 000000                   _ADCON1 000FC1  
                 _SSPBUF 000FC9           __CFG_XINST$OFF 000000               __accesstop 0080  
__end_of__initialization 7FBA            ___rparam_used 000001           __pcstackCOMRAM 0001  
                _SSPCON1 000FC6                  _SSPSTAT 000FC7                  __Hparam 0000  
                __Lparam 0000          __CFG_STVREN$OFF 000000                  __pcinit 7FBA  
                __ramtop 0600                  __ptext0 7FC0     end_of_initialization 7FBA  
    start_initialization 7FBA         __CFG_LPT1OSC$OFF 000000        __CFG_CCP2MX$PORTC 000000  
       __CFG_WDTPS$32768 000000                 __Hrparam 0000                 __Lrparam 0000  
     __CFG_BOREN$SBORDIS 000000            __size_of_main 0040  
