

Microchip Technology PIC18 LITE Macro Assembler V1.45 build -152302408 
                                                                                               Fri Jul 19 11:52:44 2019

Microchip Technology Omniscient Code Generator v1.45 (Free mode) build 201711160504
     1                           	processor	18F4520
     2                           	fnconf	rparam,??,?,0
     3                           	opt	pw 120
     4                           	opt	lm
     5                           	psect	cinit,global,reloc=2,class=CODE,delta=1
     6                           	psect	cstackCOMRAM,global,class=COMRAM,space=1,delta=1,noexec
     7                           	psect	text0,global,reloc=2,class=CODE,delta=1
     8                           	psect	intsave_regs,global,class=BIGRAM,space=1,delta=1,noexec
     9                           	psect	rparam,global,class=COMRAM,space=1,delta=1,noexec
    10  0000                     
    11                           ; Version 1.45
    12                           ; Generated 16/11/2017 GMT
    13                           ; 
    14                           ; Copyright © 2017, Microchip Technology Inc. and its subsidiaries ("Microchip")
    15                           ; All rights reserved.
    16                           ; 
    17                           ; This software is developed by Microchip Technology Inc. and its subsidiaries ("Microch
      +                          ip").
    18                           ; 
    19                           ; Redistribution and use in source and binary forms, with or without modification, are
    20                           ; permitted provided that the following conditions are met:
    21                           ; 
    22                           ;     1. Redistributions of source code must retain the above copyright notice, this lis
      +                          t of
    23                           ;        conditions and the following disclaimer.
    24                           ; 
    25                           ;     2. Redistributions in binary form must reproduce the above copyright notice, this 
      +                          list
    26                           ;        of conditions and the following disclaimer in the documentation and/or other
    27                           ;        materials provided with the distribution.
    28                           ; 
    29                           ;     3. Microchip's name may not be used to endorse or promote products derived from th
      +                          is
    30                           ;        software without specific prior written permission.
    31                           ; 
    32                           ; THIS SOFTWARE IS PROVIDED BY MICROCHIP "AS IS" AND ANY EXPRESS OR IMPLIED WARRANTIES,
    33                           ; INCLUDING, BUT NOT LIMITED TO, THE IMPLIED WARRANTIES OF MERCHANTABILITY AND FITNESS F
      +                          OR
    34                           ; PURPOSE ARE DISCLAIMED.  IN NO EVENT SHALL MICROCHIP BE LIABLE FOR ANY DIRECT, INDIREC
      +                          T,
    35                           ; INCIDENTAL, SPECIAL, EXEMPLARY, OR CONSEQUENTIAL DAMAGES (INCLUDING BUT NOT LIMITED TO
    36                           ; PROCUREMENT OF SUBSTITUTE GOODS OR SERVICES; LOSS OF USE, DATA OR PROFITS; OR BUSINESS
    37                           ; INTERRUPTION) HOWSOEVER CAUSED AND ON ANY THEORY OF LIABILITY, WHETHER IN CONTRACT, ST
      +                          RICT
    38                           ; LIABILITY, OR TORT (INCLUDING NEGLIGENCE OR OTHERWISE) ARISING IN ANY WAY OUT OF THE U
      +                          SE OF
    39                           ; THIS SOFTWARE, EVEN IF ADVISED OF THE POSSIBILITY OF SUCH DAMAGE.
    40                           ; 
    41                           ; 
    42                           ; Code-generator required, PIC18F4520 Definitions
    43                           ; 
    44                           ; SFR Addresses
    45  0000                     _SSPBUF	set	4041
    46  0000                     _PORTBbits	set	3969
    47  0000                     _LATDbits	set	3980
    48  0000                     _PIR1bits	set	3998
    49  0000                     _SSPCON1	set	4038
    50  0000                     _SSPSTAT	set	4039
    51  0000                     _TRISB	set	3987
    52  0000                     _TRISD	set	3989
    53  0000                     _TRISC	set	3988
    54  0000                     _CMCON	set	4020
    55  0000                     _ADCON1	set	4033
    56                           
    57                           ; #config settings
    58  0000                     
    59                           	psect	cinit
    60  007FB2                     __pcinit:
    61                           	opt stack 0
    62  007FB2                     start_initialization:
    63                           	opt stack 0
    64  007FB2                     __initialization:
    65                           	opt stack 0
    66  007FB2                     end_of_initialization:
    67                           	opt stack 0
    68  007FB2                     __end_of__initialization:
    69                           	opt stack 0
    70  007FB2  0100               	movlb	0
    71  007FB4  EFDC  F03F         	goto	_main	;jump to C main() function
    72                           
    73                           	psect	cstackCOMRAM
    74  000001                     __pcstackCOMRAM:
    75                           	opt stack 0
    76  000001                     main@x:
    77                           	opt stack 0
    78                           
    79                           ; 1 bytes @ 0x0
    80  000001                     	ds	1
    81                           
    82 ;;
    83 ;;Main: autosize = 0, tempsize = 0, incstack = 0, save=0
    84 ;;
    85 ;; *************** function _main *****************
    86 ;; Defined at:
    87 ;;		line 70 in file "spi.c"
    88 ;; Parameters:    Size  Location     Type
    89 ;;		None
    90 ;; Auto vars:     Size  Location     Type
    91 ;;  x               1    0[COMRAM] unsigned char 
    92 ;; Return value:  Size  Location     Type
    93 ;;                  1    wreg      void 
    94 ;; Registers used:
    95 ;;		wreg, status,2
    96 ;; Tracked objects:
    97 ;;		On entry : 0/0
    98 ;;		On exit  : 0/0
    99 ;;		Unchanged: 0/0
   100 ;; Data sizes:     COMRAM   BANK0   BANK1   BANK2   BANK3   BANK4   BANK5
   101 ;;      Params:         0       0       0       0       0       0       0
   102 ;;      Locals:         1       0       0       0       0       0       0
   103 ;;      Temps:          0       0       0       0       0       0       0
   104 ;;      Totals:         1       0       0       0       0       0       0
   105 ;;Total ram usage:        1 bytes
   106 ;; This function calls:
   107 ;;		Nothing
   108 ;; This function is called by:
   109 ;;		Startup code after reset
   110 ;; This function uses a non-reentrant model
   111 ;;
   112                           
   113                           	psect	text0
   114  007FB8                     __ptext0:
   115                           	opt stack 0
   116  007FB8                     _main:
   117                           	opt stack 31
   118                           
   119                           ;spi.c: 72: ADCON1=0X0F;
   120                           
   121                           ;incstack = 0
   122  007FB8  0E0F               	movlw	15
   123  007FBA  6EC1               	movwf	4033,c	;volatile
   124                           
   125                           ;spi.c: 73: CMCON=0X07;
   126  007FBC  0E07               	movlw	7
   127  007FBE  6EB4               	movwf	4020,c	;volatile
   128                           
   129                           ;spi.c: 74: TRISC=0b00010000;
   130  007FC0  0E10               	movlw	16
   131  007FC2  6E94               	movwf	3988,c	;volatile
   132                           
   133                           ;spi.c: 75: TRISD=0X00;
   134  007FC4  0E00               	movlw	0
   135  007FC6  6E95               	movwf	3989,c	;volatile
   136                           
   137                           ;spi.c: 76: TRISB=0XFF;
   138  007FC8  6893               	setf	3987,c	;volatile
   139                           
   140                           ;spi.c: 77: SSPSTAT=0b01000000;
   141  007FCA  0E40               	movlw	64
   142  007FCC  6EC7               	movwf	4039,c	;volatile
   143                           
   144                           ;spi.c: 78: SSPCON1=0b00010010;
   145  007FCE  0E12               	movlw	18
   146  007FD0  6EC6               	movwf	4038,c	;volatile
   147                           
   148                           ;spi.c: 79: SSPCON1=0b00110010;
   149  007FD2  0E32               	movlw	50
   150  007FD4  6EC6               	movwf	4038,c	;volatile
   151                           
   152                           ;spi.c: 80: PIR1bits.SSPIF=0;
   153  007FD6  969E               	bcf	3998,3,c	;volatile
   154  007FD8                     
   155                           ;spi.c: 83: {
   156                           ;spi.c: 85: LATDbits.LD4=0;
   157  007FD8  988C               	bcf	3980,4,c	;volatile
   158                           
   159                           ;spi.c: 86: if(PORTBbits.RB0==1)
   160  007FDA  A081               	btfss	3969,0,c	;volatile
   161  007FDC  D004               	goto	l28
   162  007FDE                     u10:
   163                           
   164                           ;spi.c: 87: {
   165                           ;spi.c: 88: while(PORTBbits.RB0==1);
   166  007FDE  B081               	btfsc	3969,0,c	;volatile
   167  007FE0  D7FE               	goto	u10
   168                           
   169                           ;spi.c: 89: x='1';
   170  007FE2  0E31               	movlw	49
   171  007FE4  6E01               	movwf	main@x,c
   172  007FE6                     l28:
   173                           
   174                           ;spi.c: 90: }
   175                           ;spi.c: 91: if(PORTBbits.RB1==1)
   176  007FE6  A281               	btfss	3969,1,c	;volatile
   177  007FE8  D004               	goto	l32
   178  007FEA                     u30:
   179                           
   180                           ;spi.c: 92: {
   181                           ;spi.c: 93: while(PORTBbits.RB1==1);
   182  007FEA  B281               	btfsc	3969,1,c	;volatile
   183  007FEC  D7FE               	goto	u30
   184                           
   185                           ;spi.c: 94: x='2';
   186  007FEE  0E32               	movlw	50
   187  007FF0  6E01               	movwf	main@x,c
   188  007FF2                     l32:
   189                           
   190                           ;spi.c: 95: }
   191                           ;spi.c: 96: SSPBUF=x;
   192  007FF2  C001  FFC9         	movff	main@x,4041	;volatile
   193  007FF6  A69E               	btfss	3998,3,c	;volatile
   194  007FF8  D7FE               	goto	l37
   195                           
   196                           ;spi.c: 98: PIR1bits.SSPIF=0;
   197  007FFA  969E               	bcf	3998,3,c	;volatile
   198                           
   199                           ;spi.c: 99: LATDbits.LD4=1;
   200  007FFC  888C               	bsf	3980,4,c	;volatile
   201  007FFE  D7EC               	goto	l27
   202  008000                     __end_of_main:
   203                           	opt stack 0
   204  0000                     
   205                           	psect	rparam


Data Sizes:
    Strings     0
    Constant    0
    Data        0
    BSS         0
    Persistent  0
    Stack       0

Auto Spaces:
    Space          Size  Autos    Used
    COMRAM          127      1       1
    BANK0           128      0       0
    BANK1           256      0       0
    BANK2           256      0       0
    BANK3           256      0       0
    BANK4           256      0       0
    BANK5           256      0       0

Pointer List with Targets:

    None.

Critical Paths under _main in COMRAM

    None.

Critical Paths under _main in BANK0

    None.

Critical Paths under _main in BANK1

    None.

Critical Paths under _main in BANK2

    None.

Critical Paths under _main in BANK3

    None.

Critical Paths under _main in BANK4

    None.

Critical Paths under _main in BANK5

    None.

Call Graph Tables:

 ---------------------------------------------------------------------------------
 (Depth) Function   	        Calls       Base Space   Used Autos Params    Refs
 ---------------------------------------------------------------------------------
 (0) _main                                                 1     1      0      15
                                              0 COMRAM     1     1      0
 ---------------------------------------------------------------------------------
 Estimated maximum stack depth 0
 ---------------------------------------------------------------------------------

 Call Graph Graphs:

 _main (ROOT)

 Address spaces:
Name               Size   Autos  Total    Cost      Usage
BITCOMRAM           7F      0       0       0        0.0%
EEDATA             100      0       0       0        0.0%
NULL                 0      0       0       0        0.0%
CODE                 0      0       0       0        0.0%
COMRAM              7F      1       1       1        0.8%
STACK                0      0       0       2        0.0%
DATA                 0      0       0       3        0.0%
BITBANK0            80      0       0       4        0.0%
BANK0               80      0       0       5        0.0%
BITBANK1           100      0       0       6        0.0%
BANK1              100      0       0       7        0.0%
BITBANK2           100      0       0       8        0.0%
BANK2              100      0       0       9        0.0%
BITBANK3           100      0       0      10        0.0%
BANK3              100      0       0      11        0.0%
BITBANK4           100      0       0      12        0.0%
BANK4              100      0       0      13        0.0%
BANK5              100      0       0      14        0.0%
ABS                  0      0       0      15        0.0%
BITBANK5           100      0       0      16        0.0%
BIGRAM             5FF      0       0      17        0.0%
BITSFR               0      0       0     200        0.0%
SFR                  0      0       0     200        0.0%


Microchip Technology PIC18 Macro Assembler V1.45 build -152302408 
Symbol Table                                                                                   Fri Jul 19 11:52:44 2019

                     l32 7FF2                       l27 7FD8                       l28 7FE6  
                     l37 7FF6                       u10 7FDE                       u30 7FEA  
            __CFG_BORV$3 000000             __CFG_CP0$OFF 000000             __CFG_CP1$OFF 000000  
           __CFG_CP2$OFF 000000             __CFG_CP3$OFF 000000              __CFG_OSC$HS 000000  
           __CFG_CPB$OFF 000000             __CFG_CPD$OFF 000000             __CFG_LVP$OFF 000000  
           __CFG_WDT$OFF 000000                     _main 7FB8                     start 0000  
          __CFG_IESO$OFF 000000            __CFG_MCLRE$ON 000000             ___param_bank 000000  
                  ?_main 0001                    _CMCON 000FB4                    _TRISB 000F93  
                  _TRISC 000F94                    _TRISD 000F95            __CFG_PWRT$OFF 000000  
          __CFG_WRT0$OFF 000000            __CFG_WRT1$OFF 000000            __CFG_WRT2$OFF 000000  
          __CFG_WRT3$OFF 000000           __CFG_EBTR0$OFF 000000           __CFG_FCMEN$OFF 000000  
         __CFG_EBTR1$OFF 000000           __CFG_EBTR2$OFF 000000           __CFG_EBTR3$OFF 000000  
          __CFG_WRTB$OFF 000000            __CFG_WRTC$OFF 000000            __CFG_WRTD$OFF 000000  
         __CFG_EBTRB$OFF 000000                    main@x 0001           __CFG_PBADEN$ON 000000  
        __initialization 7FB2             __end_of_main 8000                   ??_main 0001  
          __activetblptr 000000                   _ADCON1 000FC1                   _SSPBUF 000FC9  
         __CFG_XINST$OFF 000000               __accesstop 0080  __end_of__initialization 7FB2  
          ___rparam_used 000001           __pcstackCOMRAM 0001                  _SSPCON1 000FC6  
                _SSPSTAT 000FC7                  __Hparam 0000                  __Lparam 0000  
        __CFG_STVREN$OFF 000000                  __pcinit 7FB2                  __ramtop 0600  
                __ptext0 7FB8     end_of_initialization 7FB2                _PORTBbits 000F81  
    start_initialization 7FB2         __CFG_LPT1OSC$OFF 000000        __CFG_CCP2MX$PORTC 000000  
               _LATDbits 000F8C                 _PIR1bits 000F9E         __CFG_WDTPS$32768 000000  
               __Hrparam 0000                 __Lrparam 0000       __CFG_BOREN$SBORDIS 000000  
          __size_of_main 0048  
