

Microchip Technology PIC18 LITE Macro Assembler V1.45 build -152302408 
                                                                                               Thu Aug 20 00:52:41 2009

Microchip Technology Omniscient Code Generator v1.45 (Free mode) build 201711160504
     1                           	processor	18F4520
     2                           	fnconf	rparam,??,?,0
     3                           	opt	pw 120
     4                           	opt	lm
     5                           	psect	cinit,global,reloc=2,class=CODE,delta=1
     6                           	psect	cstackCOMRAM,global,class=COMRAM,space=1,delta=1,noexec
     7                           	psect	text0,global,reloc=2,class=CODE,delta=1
     8                           	psect	intsave_regs,global,class=BIGRAM,space=1,delta=1,noexec
     9                           	psect	rparam,global,class=COMRAM,space=1,delta=1,noexec
    10  0000                     
    11                           ; Version 1.45
    12                           ; Generated 16/11/2017 GMT
    13                           ; 
    14                           ; Copyright © 2017, Microchip Technology Inc. and its subsidiaries ("Microchip")
    15                           ; All rights reserved.
    16                           ; 
    17                           ; This software is developed by Microchip Technology Inc. and its subsidiaries ("Microch
      +                          ip").
    18                           ; 
    19                           ; Redistribution and use in source and binary forms, with or without modification, are
    20                           ; permitted provided that the following conditions are met:
    21                           ; 
    22                           ;     1. Redistributions of source code must retain the above copyright notice, this lis
      +                          t of
    23                           ;        conditions and the following disclaimer.
    24                           ; 
    25                           ;     2. Redistributions in binary form must reproduce the above copyright notice, this 
      +                          list
    26                           ;        of conditions and the following disclaimer in the documentation and/or other
    27                           ;        materials provided with the distribution.
    28                           ; 
    29                           ;     3. Microchip's name may not be used to endorse or promote products derived from th
      +                          is
    30                           ;        software without specific prior written permission.
    31                           ; 
    32                           ; THIS SOFTWARE IS PROVIDED BY MICROCHIP "AS IS" AND ANY EXPRESS OR IMPLIED WARRANTIES,
    33                           ; INCLUDING, BUT NOT LIMITED TO, THE IMPLIED WARRANTIES OF MERCHANTABILITY AND FITNESS F
      +                          OR
    34                           ; PURPOSE ARE DISCLAIMED.  IN NO EVENT SHALL MICROCHIP BE LIABLE FOR ANY DIRECT, INDIREC
      +                          T,
    35                           ; INCIDENTAL, SPECIAL, EXEMPLARY, OR CONSEQUENTIAL DAMAGES (INCLUDING BUT NOT LIMITED TO
    36                           ; PROCUREMENT OF SUBSTITUTE GOODS OR SERVICES; LOSS OF USE, DATA OR PROFITS; OR BUSINESS
    37                           ; INTERRUPTION) HOWSOEVER CAUSED AND ON ANY THEORY OF LIABILITY, WHETHER IN CONTRACT, ST
      +                          RICT
    38                           ; LIABILITY, OR TORT (INCLUDING NEGLIGENCE OR OTHERWISE) ARISING IN ANY WAY OUT OF THE U
      +                          SE OF
    39                           ; THIS SOFTWARE, EVEN IF ADVISED OF THE POSSIBILITY OF SUCH DAMAGE.
    40                           ; 
    41                           ; 
    42                           ; Code-generator required, PIC18F4520 Definitions
    43                           ; 
    44                           ; SFR Addresses
    45  0000                     _TXREG	set	4013
    46  0000                     _SPBRG	set	4015
    47  0000                     _RCSTA	set	4011
    48  0000                     _TXSTA	set	4012
    49  0000                     _CMCON	set	4020
    50  0000                     _ADCON1	set	4033
    51  0000                     _TRISC	set	3988
    52  0000                     _PORTC	set	3970
    53  0000                     _TRMT	set	32097
    54                           
    55                           ; #config settings
    56                           
    57                           	psect	cinit
    58  007FBC                     __pcinit:
    59                           	opt stack 0
    60  007FBC                     start_initialization:
    61                           	opt stack 0
    62  007FBC                     __initialization:
    63                           	opt stack 0
    64  007FBC                     end_of_initialization:
    65                           	opt stack 0
    66  007FBC                     __end_of__initialization:
    67                           	opt stack 0
    68  007FBC  0100               	movlb	0
    69  007FBE  EFE1  F03F         	goto	_main	;jump to C main() function
    70                           
    71                           	psect	cstackCOMRAM
    72  000001                     __pcstackCOMRAM:
    73                           	opt stack 0
    74  000001                     ??_main:
    75                           
    76                           ; 1 bytes @ 0x0
    77  000001                     	ds	2
    78                           
    79 ;;
    80 ;;Main: autosize = 0, tempsize = 2, incstack = 0, save=0
    81 ;;
    82 ;; *************** function _main *****************
    83 ;; Defined at:
    84 ;;		line 3 in file "uart.c"
    85 ;; Parameters:    Size  Location     Type
    86 ;;		None
    87 ;; Auto vars:     Size  Location     Type
    88 ;;		None
    89 ;; Return value:  Size  Location     Type
    90 ;;                  1    wreg      void 
    91 ;; Registers used:
    92 ;;		wreg, status,2
    93 ;; Tracked objects:
    94 ;;		On entry : 0/0
    95 ;;		On exit  : 0/0
    96 ;;		Unchanged: 0/0
    97 ;; Data sizes:     COMRAM   BANK0   BANK1   BANK2   BANK3   BANK4   BANK5
    98 ;;      Params:         0       0       0       0       0       0       0
    99 ;;      Locals:         0       0       0       0       0       0       0
   100 ;;      Temps:          2       0       0       0       0       0       0
   101 ;;      Totals:         2       0       0       0       0       0       0
   102 ;;Total ram usage:        2 bytes
   103 ;; This function calls:
   104 ;;		Nothing
   105 ;; This function is called by:
   106 ;;		Startup code after reset
   107 ;; This function uses a non-reentrant model
   108 ;;
   109                           
   110                           	psect	text0
   111  007FC2                     __ptext0:
   112                           	opt stack 0
   113  007FC2                     _main:
   114                           	opt stack 31
   115                           
   116                           ;uart.c: 5: PORTC=0X00;
   117                           
   118                           ;incstack = 0
   119  007FC2  0E00               	movlw	0
   120  007FC4  6E82               	movwf	3970,c	;volatile
   121                           
   122                           ;uart.c: 6: TRISC=0X80;
   123  007FC6  0E80               	movlw	128
   124  007FC8  6E94               	movwf	3988,c	;volatile
   125                           
   126                           ;uart.c: 7: ADCON1=0X0F;
   127  007FCA  0E0F               	movlw	15
   128  007FCC  6EC1               	movwf	4033,c	;volatile
   129                           
   130                           ;uart.c: 8: CMCON=0X07;
   131  007FCE  0E07               	movlw	7
   132  007FD0  6EB4               	movwf	4020,c	;volatile
   133                           
   134                           ;uart.c: 9: TXSTA=0X24;
   135  007FD2  0E24               	movlw	36
   136  007FD4  6EAC               	movwf	4012,c	;volatile
   137                           
   138                           ;uart.c: 10: RCSTA=0X90;
   139  007FD6  0E90               	movlw	144
   140  007FD8  6EAB               	movwf	4011,c	;volatile
   141                           
   142                           ;uart.c: 11: SPBRG=129;
   143  007FDA  0E81               	movlw	129
   144  007FDC  6EAF               	movwf	4015,c	;volatile
   145  007FDE                     
   146                           ;uart.c: 15: {
   147                           ;uart.c: 17: if(TRMT==1)
   148  007FDE  A2AC               	btfss	4012,1,c	;volatile
   149  007FE0  D002               	goto	l26
   150                           
   151                           ;uart.c: 18: {
   152                           ;uart.c: 19: TXREG='A';
   153  007FE2  0E41               	movlw	65
   154  007FE4  6EAD               	movwf	4013,c	;volatile
   155  007FE6                     l26:
   156                           
   157                           ;uart.c: 21: }
   158                           ;uart.c: 23: _delay((unsigned long)((1000)*(20000000/4000.0)));
   159  007FE6  0E1A               	movlw	26
   160  007FE8  6E02               	movwf	(??_main+1)& (0+255),c
   161  007FEA  0E5E               	movlw	94
   162  007FEC  6E01               	movwf	??_main& (0+255),c
   163  007FEE  0E6E               	movlw	110
   164  007FF0                     u27:
   165  007FF0  2EE8               	decfsz	wreg,f,c
   166  007FF2  D7FE               	bra	u27
   167  007FF4  2E01               	decfsz	??_main& (0+255),f,c
   168  007FF6  D7FC               	bra	u27
   169  007FF8  2E02               	decfsz	(??_main+1)& (0+255),f,c
   170  007FFA  D7FA               	bra	u27
   171  007FFC  D000               	nop2	
   172  007FFE  D7EF               	goto	l25
   173  008000                     __end_of_main:
   174                           	opt stack 0
   175  0000                     wreg	equ	0xFE8
   176                           wreg	equ	0xFE8
   177                           
   178                           	psect	rparam
   179  0000                     wreg	equ	0xFE8


Data Sizes:
    Strings     0
    Constant    0
    Data        0
    BSS         0
    Persistent  0
    Stack       0

Auto Spaces:
    Space          Size  Autos    Used
    COMRAM          127      2       2
    BANK0           128      0       0
    BANK1           256      0       0
    BANK2           256      0       0
    BANK3           256      0       0
    BANK4           256      0       0
    BANK5           256      0       0

Pointer List with Targets:

    None.

Critical Paths under _main in COMRAM

    None.

Critical Paths under _main in BANK0

    None.

Critical Paths under _main in BANK1

    None.

Critical Paths under _main in BANK2

    None.

Critical Paths under _main in BANK3

    None.

Critical Paths under _main in BANK4

    None.

Critical Paths under _main in BANK5

    None.

Call Graph Tables:

 ---------------------------------------------------------------------------------
 (Depth) Function   	        Calls       Base Space   Used Autos Params    Refs
 ---------------------------------------------------------------------------------
 (0) _main                                                 2     2      0       0
                                              0 COMRAM     2     2      0
 ---------------------------------------------------------------------------------
 Estimated maximum stack depth 0
 ---------------------------------------------------------------------------------

 Call Graph Graphs:

 _main (ROOT)

 Address spaces:
Name               Size   Autos  Total    Cost      Usage
BITCOMRAM           7F      0       0       0        0.0%
EEDATA             100      0       0       0        0.0%
NULL                 0      0       0       0        0.0%
CODE                 0      0       0       0        0.0%
COMRAM              7F      2       2       1        1.6%
STACK                0      0       0       2        0.0%
DATA                 0      0       0       3        0.0%
BITBANK0            80      0       0       4        0.0%
BANK0               80      0       0       5        0.0%
BITBANK1           100      0       0       6        0.0%
BANK1              100      0       0       7        0.0%
BITBANK2           100      0       0       8        0.0%
BANK2              100      0       0       9        0.0%
BITBANK3           100      0       0      10        0.0%
BANK3              100      0       0      11        0.0%
BITBANK4           100      0       0      12        0.0%
BANK4              100      0       0      13        0.0%
BANK5              100      0       0      14        0.0%
ABS                  0      0       0      15        0.0%
BITBANK5           100      0       0      16        0.0%
BIGRAM             5FF      0       0      17        0.0%
BITSFR               0      0       0     200        0.0%
SFR                  0      0       0     200        0.0%


Microchip Technology PIC18 Macro Assembler V1.45 build -152302408 
Symbol Table                                                                                   Thu Aug 20 00:52:41 2009

                     l25 7FDE                       l26 7FE6                       u27 7FF0  
                    wreg 000FE8                     _TRMT 007D61                     _main 7FC2  
                   start 0000             ___param_bank 000000                    ?_main 0001  
                  _CMCON 000FB4                    _RCSTA 000FAB                    _SPBRG 000FAF  
                  _PORTC 000F82                    _TRISC 000F94                    _TXREG 000FAD  
                  _TXSTA 000FAC          __initialization 7FBC             __end_of_main 8000  
                 ??_main 0001            __activetblptr 000000                   _ADCON1 000FC1  
             __accesstop 0080  __end_of__initialization 7FBC            ___rparam_used 000001  
         __pcstackCOMRAM 0001                  __Hparam 0000                  __Lparam 0000  
                __pcinit 7FBC                  __ramtop 0600                  __ptext0 7FC2  
   end_of_initialization 7FBC      start_initialization 7FBC                 __Hrparam 0000  
               __Lrparam 0000            __size_of_main 003E  
