

Microchip Technology PIC18 LITE Macro Assembler V1.45 build -152302408 
                                                                                               Thu Jul 18 12:57:00 2019

Microchip Technology Omniscient Code Generator v1.45 (Free mode) build 201711160504
     1                           	processor	18F4520
     2                           	fnconf	rparam,??,?,0
     3                           	opt	pw 120
     4                           	opt	lm
     5                           	psect	cinit,global,reloc=2,class=CODE,delta=1
     6                           	psect	cstackCOMRAM,global,class=COMRAM,space=1,delta=1,noexec
     7                           	psect	text0,global,reloc=2,class=CODE,delta=1
     8                           	psect	intsave_regs,global,class=BIGRAM,space=1,delta=1,noexec
     9                           	psect	rparam,global,class=COMRAM,space=1,delta=1,noexec
    10  0000                     
    11                           ; Version 1.45
    12                           ; Generated 16/11/2017 GMT
    13                           ; 
    14                           ; Copyright © 2017, Microchip Technology Inc. and its subsidiaries ("Microchip")
    15                           ; All rights reserved.
    16                           ; 
    17                           ; This software is developed by Microchip Technology Inc. and its subsidiaries ("Microch
      +                          ip").
    18                           ; 
    19                           ; Redistribution and use in source and binary forms, with or without modification, are
    20                           ; permitted provided that the following conditions are met:
    21                           ; 
    22                           ;     1. Redistributions of source code must retain the above copyright notice, this lis
      +                          t of
    23                           ;        conditions and the following disclaimer.
    24                           ; 
    25                           ;     2. Redistributions in binary form must reproduce the above copyright notice, this 
      +                          list
    26                           ;        of conditions and the following disclaimer in the documentation and/or other
    27                           ;        materials provided with the distribution.
    28                           ; 
    29                           ;     3. Microchip's name may not be used to endorse or promote products derived from th
      +                          is
    30                           ;        software without specific prior written permission.
    31                           ; 
    32                           ; THIS SOFTWARE IS PROVIDED BY MICROCHIP "AS IS" AND ANY EXPRESS OR IMPLIED WARRANTIES,
    33                           ; INCLUDING, BUT NOT LIMITED TO, THE IMPLIED WARRANTIES OF MERCHANTABILITY AND FITNESS F
      +                          OR
    34                           ; PURPOSE ARE DISCLAIMED.  IN NO EVENT SHALL MICROCHIP BE LIABLE FOR ANY DIRECT, INDIREC
      +                          T,
    35                           ; INCIDENTAL, SPECIAL, EXEMPLARY, OR CONSEQUENTIAL DAMAGES (INCLUDING BUT NOT LIMITED TO
    36                           ; PROCUREMENT OF SUBSTITUTE GOODS OR SERVICES; LOSS OF USE, DATA OR PROFITS; OR BUSINESS
    37                           ; INTERRUPTION) HOWSOEVER CAUSED AND ON ANY THEORY OF LIABILITY, WHETHER IN CONTRACT, ST
      +                          RICT
    38                           ; LIABILITY, OR TORT (INCLUDING NEGLIGENCE OR OTHERWISE) ARISING IN ANY WAY OUT OF THE U
      +                          SE OF
    39                           ; THIS SOFTWARE, EVEN IF ADVISED OF THE POSSIBILITY OF SUCH DAMAGE.
    40                           ; 
    41                           ; 
    42                           ; Code-generator required, PIC18F4520 Definitions
    43                           ; 
    44                           ; SFR Addresses
    45  0000                     _LATD	set	3980
    46  0000                     _PORTAbits	set	3968
    47  0000                     _SSPBUF	set	4041
    48  0000                     _SSPCON1	set	4038
    49  0000                     _SSPSTAT	set	4039
    50  0000                     _TRISD	set	3989
    51  0000                     _TRISA	set	3986
    52  0000                     _TRISC	set	3988
    53  0000                     _CMCON	set	4020
    54  0000                     _ADCON1	set	4033
    55  0000                     _BF	set	32312
    56                           
    57                           ; #config settings
    58                           
    59                           	psect	cinit
    60  007FC0                     __pcinit:
    61                           	opt stack 0
    62  007FC0                     start_initialization:
    63                           	opt stack 0
    64  007FC0                     __initialization:
    65                           	opt stack 0
    66  007FC0                     end_of_initialization:
    67                           	opt stack 0
    68  007FC0                     __end_of__initialization:
    69                           	opt stack 0
    70  007FC0  0100               	movlb	0
    71  007FC2  EFE3  F03F         	goto	_main	;jump to C main() function
    72                           
    73                           	psect	cstackCOMRAM
    74  000001                     __pcstackCOMRAM:
    75                           	opt stack 0
    76  000001                     main@c:
    77                           	opt stack 0
    78                           
    79                           ; 1 bytes @ 0x0
    80  000001                     	ds	1
    81                           
    82 ;;
    83 ;;Main: autosize = 0, tempsize = 0, incstack = 0, save=0
    84 ;;
    85 ;; *************** function _main *****************
    86 ;; Defined at:
    87 ;;		line 3 in file "slave2.c"
    88 ;; Parameters:    Size  Location     Type
    89 ;;		None
    90 ;; Auto vars:     Size  Location     Type
    91 ;;  c               1    0[COMRAM] unsigned char 
    92 ;; Return value:  Size  Location     Type
    93 ;;                  1    wreg      void 
    94 ;; Registers used:
    95 ;;		wreg, status,2, status,0
    96 ;; Tracked objects:
    97 ;;		On entry : 0/0
    98 ;;		On exit  : 0/0
    99 ;;		Unchanged: 0/0
   100 ;; Data sizes:     COMRAM   BANK0   BANK1   BANK2   BANK3   BANK4   BANK5
   101 ;;      Params:         0       0       0       0       0       0       0
   102 ;;      Locals:         1       0       0       0       0       0       0
   103 ;;      Temps:          0       0       0       0       0       0       0
   104 ;;      Totals:         1       0       0       0       0       0       0
   105 ;;Total ram usage:        1 bytes
   106 ;; This function calls:
   107 ;;		Nothing
   108 ;; This function is called by:
   109 ;;		Startup code after reset
   110 ;; This function uses a non-reentrant model
   111 ;;
   112                           
   113                           	psect	text0
   114  007FC6                     __ptext0:
   115                           	opt stack 0
   116  007FC6                     _main:
   117                           	opt stack 31
   118                           
   119                           ;slave2.c: 5: ADCON1=0X0F;
   120                           
   121                           ;incstack = 0
   122  007FC6  0E0F               	movlw	15
   123  007FC8  6EC1               	movwf	4033,c	;volatile
   124                           
   125                           ;slave2.c: 6: CMCON=0X07;
   126  007FCA  0E07               	movlw	7
   127  007FCC  6EB4               	movwf	4020,c	;volatile
   128                           
   129                           ;slave2.c: 7: TRISC=0b00011000;
   130  007FCE  0E18               	movlw	24
   131  007FD0  6E94               	movwf	3988,c	;volatile
   132                           
   133                           ;slave2.c: 8: TRISA=0X20;
   134  007FD2  0E20               	movlw	32
   135  007FD4  6E92               	movwf	3986,c	;volatile
   136                           
   137                           ;slave2.c: 9: TRISD=0X00;
   138  007FD6  0E00               	movlw	0
   139  007FD8  6E95               	movwf	3989,c	;volatile
   140                           
   141                           ;slave2.c: 10: SSPSTAT=0b01000000;
   142  007FDA  0E40               	movlw	64
   143  007FDC  6EC7               	movwf	4039,c	;volatile
   144                           
   145                           ;slave2.c: 11: SSPCON1=0b00010101;
   146  007FDE  0E15               	movlw	21
   147  007FE0  6EC6               	movwf	4038,c	;volatile
   148                           
   149                           ;slave2.c: 12: SSPCON1=0b00110101;
   150  007FE2  0E35               	movlw	53
   151  007FE4  6EC6               	movwf	4038,c	;volatile
   152  007FE6                     
   153                           ;slave2.c: 15: {
   154                           ;slave2.c: 17: if(BF==1)
   155  007FE6  A0C7               	btfss	4039,0,c	;volatile
   156  007FE8  D003               	goto	l28
   157                           
   158                           ;slave2.c: 18: {
   159                           ;slave2.c: 19: BF=0;
   160  007FEA  90C7               	bcf	4039,0,c	;volatile
   161                           
   162                           ;slave2.c: 20: c=SSPBUF;
   163  007FEC  CFC9 F001          	movff	4041,main@c	;volatile
   164  007FF0                     l28:
   165                           
   166                           ;slave2.c: 21: }
   167                           ;slave2.c: 22: if(PORTAbits.NOT_SS==0)
   168  007FF0  BA80               	btfsc	3968,5,c	;volatile
   169  007FF2  D7F9               	goto	l27
   170                           
   171                           ;slave2.c: 23: {
   172                           ;slave2.c: 24: if(c=='D')
   173  007FF4  0E44               	movlw	68
   174  007FF6  1801               	xorwf	main@c,w,c
   175  007FF8  A4D8               	btfss	status,2,c
   176  007FFA  D7F5               	goto	l27
   177                           
   178                           ;slave2.c: 25: {
   179                           ;slave2.c: 26: LATD=~LATD;
   180  007FFC  1E8C               	comf	3980,f,c	;volatile
   181  007FFE  D7F3               	goto	l27
   182  008000                     __end_of_main:
   183                           	opt stack 0
   184  0000                     status	equ	0xFD8
   185                           status	equ	0xFD8
   186                           
   187                           	psect	rparam
   188  0000                     status	equ	0xFD8


Data Sizes:
    Strings     0
    Constant    0
    Data        0
    BSS         0
    Persistent  0
    Stack       0

Auto Spaces:
    Space          Size  Autos    Used
    COMRAM          127      1       1
    BANK0           128      0       0
    BANK1           256      0       0
    BANK2           256      0       0
    BANK3           256      0       0
    BANK4           256      0       0
    BANK5           256      0       0

Pointer List with Targets:

    None.

Critical Paths under _main in COMRAM

    None.

Critical Paths under _main in BANK0

    None.

Critical Paths under _main in BANK1

    None.

Critical Paths under _main in BANK2

    None.

Critical Paths under _main in BANK3

    None.

Critical Paths under _main in BANK4

    None.

Critical Paths under _main in BANK5

    None.

Call Graph Tables:

 ---------------------------------------------------------------------------------
 (Depth) Function   	        Calls       Base Space   Used Autos Params    Refs
 ---------------------------------------------------------------------------------
 (0) _main                                                 1     1      0      15
                                              0 COMRAM     1     1      0
 ---------------------------------------------------------------------------------
 Estimated maximum stack depth 0
 ---------------------------------------------------------------------------------

 Call Graph Graphs:

 _main (ROOT)

 Address spaces:
Name               Size   Autos  Total    Cost      Usage
BITCOMRAM           7F      0       0       0        0.0%
EEDATA             100      0       0       0        0.0%
NULL                 0      0       0       0        0.0%
CODE                 0      0       0       0        0.0%
COMRAM              7F      1       1       1        0.8%
STACK                0      0       0       2        0.0%
DATA                 0      0       0       3        0.0%
BITBANK0            80      0       0       4        0.0%
BANK0               80      0       0       5        0.0%
BITBANK1           100      0       0       6        0.0%
BANK1              100      0       0       7        0.0%
BITBANK2           100      0       0       8        0.0%
BANK2              100      0       0       9        0.0%
BITBANK3           100      0       0      10        0.0%
BANK3              100      0       0      11        0.0%
BITBANK4           100      0       0      12        0.0%
BANK4              100      0       0      13        0.0%
BANK5              100      0       0      14        0.0%
ABS                  0      0       0      15        0.0%
BITBANK5           100      0       0      16        0.0%
BIGRAM             5FF      0       0      17        0.0%
BITSFR               0      0       0     200        0.0%
SFR                  0      0       0     200        0.0%


Microchip Technology PIC18 Macro Assembler V1.45 build -152302408 
Symbol Table                                                                                   Thu Jul 18 12:57:00 2019

                     _BF 007E38                       l27 7FE6                       l28 7FF0  
                   _LATD 000F8C                     _main 7FC6                     start 0000  
           ___param_bank 000000                    ?_main 0001                    _CMCON 000FB4  
                  _TRISA 000F92                    _TRISC 000F94                    _TRISD 000F95  
                  main@c 0001                    status 000FD8          __initialization 7FC0  
           __end_of_main 8000                   ??_main 0001            __activetblptr 000000  
                 _ADCON1 000FC1                   _SSPBUF 000FC9               __accesstop 0080  
__end_of__initialization 7FC0            ___rparam_used 000001           __pcstackCOMRAM 0001  
                _SSPCON1 000FC6                  _SSPSTAT 000FC7                  __Hparam 0000  
                __Lparam 0000                  __pcinit 7FC0                  __ramtop 0600  
                __ptext0 7FC6     end_of_initialization 7FC0                _PORTAbits 000F80  
    start_initialization 7FC0                 __Hrparam 0000                 __Lrparam 0000  
          __size_of_main 003A  
