

Microchip Technology PIC18 LITE Macro Assembler V1.45 build -152302408 
                                                                                               Thu Jun 27 05:07:56 2019

Microchip Technology Omniscient Code Generator v1.45 (Free mode) build 201711160504
     1                           	processor	18F4520
     2                           	fnconf	rparam,??,?,0
     3                           	opt	pw 120
     4                           	opt	lm
     5                           	psect	cinit,global,reloc=2,class=CODE,delta=1
     6                           	psect	cstackCOMRAM,global,class=COMRAM,space=1,delta=1,noexec
     7                           	psect	text0,global,reloc=2,class=CODE,delta=1
     8                           	psect	intsave_regs,global,class=BIGRAM,space=1,delta=1,noexec
     9                           	psect	rparam,global,class=COMRAM,space=1,delta=1,noexec
    10  0000                     
    11                           ; Version 1.45
    12                           ; Generated 16/11/2017 GMT
    13                           ; 
    14                           ; Copyright © 2017, Microchip Technology Inc. and its subsidiaries ("Microchip")
    15                           ; All rights reserved.
    16                           ; 
    17                           ; This software is developed by Microchip Technology Inc. and its subsidiaries ("Microch
      +                          ip").
    18                           ; 
    19                           ; Redistribution and use in source and binary forms, with or without modification, are
    20                           ; permitted provided that the following conditions are met:
    21                           ; 
    22                           ;     1. Redistributions of source code must retain the above copyright notice, this lis
      +                          t of
    23                           ;        conditions and the following disclaimer.
    24                           ; 
    25                           ;     2. Redistributions in binary form must reproduce the above copyright notice, this 
      +                          list
    26                           ;        of conditions and the following disclaimer in the documentation and/or other
    27                           ;        materials provided with the distribution.
    28                           ; 
    29                           ;     3. Microchip's name may not be used to endorse or promote products derived from th
      +                          is
    30                           ;        software without specific prior written permission.
    31                           ; 
    32                           ; THIS SOFTWARE IS PROVIDED BY MICROCHIP "AS IS" AND ANY EXPRESS OR IMPLIED WARRANTIES,
    33                           ; INCLUDING, BUT NOT LIMITED TO, THE IMPLIED WARRANTIES OF MERCHANTABILITY AND FITNESS F
      +                          OR
    34                           ; PURPOSE ARE DISCLAIMED.  IN NO EVENT SHALL MICROCHIP BE LIABLE FOR ANY DIRECT, INDIREC
      +                          T,
    35                           ; INCIDENTAL, SPECIAL, EXEMPLARY, OR CONSEQUENTIAL DAMAGES (INCLUDING BUT NOT LIMITED TO
    36                           ; PROCUREMENT OF SUBSTITUTE GOODS OR SERVICES; LOSS OF USE, DATA OR PROFITS; OR BUSINESS
    37                           ; INTERRUPTION) HOWSOEVER CAUSED AND ON ANY THEORY OF LIABILITY, WHETHER IN CONTRACT, ST
      +                          RICT
    38                           ; LIABILITY, OR TORT (INCLUDING NEGLIGENCE OR OTHERWISE) ARISING IN ANY WAY OUT OF THE U
      +                          SE OF
    39                           ; THIS SOFTWARE, EVEN IF ADVISED OF THE POSSIBILITY OF SUCH DAMAGE.
    40                           ; 
    41                           ; 
    42                           ; Code-generator required, PIC18F4520 Definitions
    43                           ; 
    44                           ; SFR Addresses
    45  0000                     _T2CON	set	4042
    46  0000                     _PR2	set	4043
    47  0000                     _CMCON	set	4020
    48  0000                     _ADCON1	set	4033
    49  0000                     _CCP1CON	set	4029
    50  0000                     _CCPR1L	set	4030
    51  0000                     _TRISC	set	3988
    52                           
    53                           ; #config settings
    54                           
    55                           	psect	cinit
    56  007FD8                     __pcinit:
    57                           	opt stack 0
    58  007FD8                     start_initialization:
    59                           	opt stack 0
    60  007FD8                     __initialization:
    61                           	opt stack 0
    62  007FD8                     end_of_initialization:
    63                           	opt stack 0
    64  007FD8                     __end_of__initialization:
    65                           	opt stack 0
    66  007FD8  0100               	movlb	0
    67  007FDA  EFEF  F03F         	goto	_main	;jump to C main() function
    68                           
    69                           	psect	cstackCOMRAM
    70  000000                     __pcstackCOMRAM:
    71                           	opt stack 0
    72  000000                     
    73                           ; 1 bytes @ 0x0
    74 ;;
    75 ;;Main: autosize = 0, tempsize = 0, incstack = 0, save=0
    76 ;;
    77 ;; *************** function _main *****************
    78 ;; Defined at:
    79 ;;		line 2 in file "PWMM.c"
    80 ;; Parameters:    Size  Location     Type
    81 ;;		None
    82 ;; Auto vars:     Size  Location     Type
    83 ;;		None
    84 ;; Return value:  Size  Location     Type
    85 ;;                  1    wreg      void 
    86 ;; Registers used:
    87 ;;		wreg, status,2
    88 ;; Tracked objects:
    89 ;;		On entry : 0/0
    90 ;;		On exit  : 0/0
    91 ;;		Unchanged: 0/0
    92 ;; Data sizes:     COMRAM   BANK0   BANK1   BANK2   BANK3   BANK4   BANK5
    93 ;;      Params:         0       0       0       0       0       0       0
    94 ;;      Locals:         0       0       0       0       0       0       0
    95 ;;      Temps:          0       0       0       0       0       0       0
    96 ;;      Totals:         0       0       0       0       0       0       0
    97 ;;Total ram usage:        0 bytes
    98 ;; This function calls:
    99 ;;		Nothing
   100 ;; This function is called by:
   101 ;;		Startup code after reset
   102 ;; This function uses a non-reentrant model
   103 ;;
   104                           
   105                           	psect	text0
   106  007FDE                     __ptext0:
   107                           	opt stack 0
   108  007FDE                     _main:
   109                           	opt stack 31
   110                           
   111                           ;PWMM.c: 5: TRISC=0X00;
   112                           
   113                           ;incstack = 0
   114  007FDE  0E00               	movlw	0
   115  007FE0  6E94               	movwf	3988,c	;volatile
   116                           
   117                           ;PWMM.c: 6: CCPR1L=0XF5;
   118  007FE2  0EF5               	movlw	245
   119  007FE4  6EBE               	movwf	4030,c	;volatile
   120                           
   121                           ;PWMM.c: 7: CCP1CON=0X0F;
   122  007FE6  0E0F               	movlw	15
   123  007FE8  6EBD               	movwf	4029,c	;volatile
   124                           
   125                           ;PWMM.c: 8: ADCON1=0X0f;
   126  007FEA  0E0F               	movlw	15
   127  007FEC  6EC1               	movwf	4033,c	;volatile
   128                           
   129                           ;PWMM.c: 9: CMCON=0X07;
   130  007FEE  0E07               	movlw	7
   131  007FF0  6EB4               	movwf	4020,c	;volatile
   132                           
   133                           ;PWMM.c: 10: PR2=0XFF;
   134  007FF2  68CB               	setf	4043,c	;volatile
   135                           
   136                           ;PWMM.c: 11: T2CON=0X02;
   137  007FF4  0E02               	movlw	2
   138  007FF6  6ECA               	movwf	4042,c	;volatile
   139                           
   140                           ;PWMM.c: 12: T2CON=0X06;
   141  007FF8  0E06               	movlw	6
   142  007FFA  6ECA               	movwf	4042,c	;volatile
   143  007FFC  EF00  F000         	goto	start
   144  008000                     __end_of_main:
   145                           	opt stack 0
   146  0000                     
   147                           	psect	rparam


Data Sizes:
    Strings     0
    Constant    0
    Data        0
    BSS         0
    Persistent  0
    Stack       0

Auto Spaces:
    Space          Size  Autos    Used
    COMRAM          127      0       0
    BANK0           128      0       0
    BANK1           256      0       0
    BANK2           256      0       0
    BANK3           256      0       0
    BANK4           256      0       0
    BANK5           256      0       0

Pointer List with Targets:

    None.

Critical Paths under _main in COMRAM

    None.

Critical Paths under _main in BANK0

    None.

Critical Paths under _main in BANK1

    None.

Critical Paths under _main in BANK2

    None.

Critical Paths under _main in BANK3

    None.

Critical Paths under _main in BANK4

    None.

Critical Paths under _main in BANK5

    None.

Call Graph Tables:

 ---------------------------------------------------------------------------------
 (Depth) Function   	        Calls       Base Space   Used Autos Params    Refs
 ---------------------------------------------------------------------------------
 (0) _main                                                 0     0      0       0
 ---------------------------------------------------------------------------------
 Estimated maximum stack depth 0
 ---------------------------------------------------------------------------------

 Call Graph Graphs:

 _main (ROOT)

 Address spaces:
Name               Size   Autos  Total    Cost      Usage
BITCOMRAM           7F      0       0       0        0.0%
EEDATA             100      0       0       0        0.0%
NULL                 0      0       0       0        0.0%
CODE                 0      0       0       0        0.0%
COMRAM              7F      0       0       1        0.0%
STACK                0      0       0       2        0.0%
DATA                 0      0       0       3        0.0%
BITBANK0            80      0       0       4        0.0%
BANK0               80      0       0       5        0.0%
BITBANK1           100      0       0       6        0.0%
BANK1              100      0       0       7        0.0%
BITBANK2           100      0       0       8        0.0%
BANK2              100      0       0       9        0.0%
BITBANK3           100      0       0      10        0.0%
BANK3              100      0       0      11        0.0%
BITBANK4           100      0       0      12        0.0%
BANK4              100      0       0      13        0.0%
BANK5              100      0       0      14        0.0%
ABS                  0      0       0      15        0.0%
BITBANK5           100      0       0      16        0.0%
BIGRAM             5FF      0       0      17        0.0%
BITSFR               0      0       0     200        0.0%
SFR                  0      0       0     200        0.0%


Microchip Technology PIC18 Macro Assembler V1.45 build -152302408 
Symbol Table                                                                                   Thu Jun 27 05:07:56 2019

                    _PR2 000FCB                     _main 7FDE                     start 0000  
           ___param_bank 000000                    ?_main 0000                    _CMCON 000FB4  
                  _T2CON 000FCA                    _TRISC 000F94          __initialization 7FD8  
           __end_of_main 8000                   ??_main 0000            __activetblptr 000000  
                 _ADCON1 000FC1                   _CCPR1L 000FBE               __accesstop 0080  
__end_of__initialization 7FD8            ___rparam_used 000001           __pcstackCOMRAM 0000  
                _CCP1CON 000FBD                  __Hparam 0000                  __Lparam 0000  
                __pcinit 7FD8                  __ramtop 0600                  __ptext0 7FDE  
   end_of_initialization 7FD8      start_initialization 7FD8                 __Hrparam 0000  
               __Lrparam 0000            __size_of_main 0022  
