

Microchip Technology PIC18 LITE Macro Assembler V1.45 build -152302408 
                                                                                               Fri Jul 19 15:35:49 2019

Microchip Technology Omniscient Code Generator v1.45 (Free mode) build 201711160504
     1                           	processor	18F4520
     2                           	fnconf	rparam,??,?,0
     3                           	opt	pw 120
     4                           	opt	lm
     5                           	psect	cinit,global,reloc=2,class=CODE,delta=1
     6                           	psect	cstackCOMRAM,global,class=COMRAM,space=1,delta=1,noexec
     7                           	psect	text0,global,reloc=2,class=CODE,delta=1
     8                           	psect	text1,global,reloc=2,class=CODE,delta=1
     9                           	psect	text2,global,reloc=2,class=CODE,delta=1
    10                           	psect	text3,global,reloc=2,class=CODE,delta=1
    11                           	psect	intsave_regs,global,class=BIGRAM,space=1,delta=1,noexec
    12                           	psect	rparam,global,class=COMRAM,space=1,delta=1,noexec
    13  0000                     
    14                           ; Version 1.45
    15                           ; Generated 16/11/2017 GMT
    16                           ; 
    17                           ; Copyright © 2017, Microchip Technology Inc. and its subsidiaries ("Microchip")
    18                           ; All rights reserved.
    19                           ; 
    20                           ; This software is developed by Microchip Technology Inc. and its subsidiaries ("Microch
      +                          ip").
    21                           ; 
    22                           ; Redistribution and use in source and binary forms, with or without modification, are
    23                           ; permitted provided that the following conditions are met:
    24                           ; 
    25                           ;     1. Redistributions of source code must retain the above copyright notice, this lis
      +                          t of
    26                           ;        conditions and the following disclaimer.
    27                           ; 
    28                           ;     2. Redistributions in binary form must reproduce the above copyright notice, this 
      +                          list
    29                           ;        of conditions and the following disclaimer in the documentation and/or other
    30                           ;        materials provided with the distribution.
    31                           ; 
    32                           ;     3. Microchip's name may not be used to endorse or promote products derived from th
      +                          is
    33                           ;        software without specific prior written permission.
    34                           ; 
    35                           ; THIS SOFTWARE IS PROVIDED BY MICROCHIP "AS IS" AND ANY EXPRESS OR IMPLIED WARRANTIES,
    36                           ; INCLUDING, BUT NOT LIMITED TO, THE IMPLIED WARRANTIES OF MERCHANTABILITY AND FITNESS F
      +                          OR
    37                           ; PURPOSE ARE DISCLAIMED.  IN NO EVENT SHALL MICROCHIP BE LIABLE FOR ANY DIRECT, INDIREC
      +                          T,
    38                           ; INCIDENTAL, SPECIAL, EXEMPLARY, OR CONSEQUENTIAL DAMAGES (INCLUDING BUT NOT LIMITED TO
    39                           ; PROCUREMENT OF SUBSTITUTE GOODS OR SERVICES; LOSS OF USE, DATA OR PROFITS; OR BUSINESS
    40                           ; INTERRUPTION) HOWSOEVER CAUSED AND ON ANY THEORY OF LIABILITY, WHETHER IN CONTRACT, ST
      +                          RICT
    41                           ; LIABILITY, OR TORT (INCLUDING NEGLIGENCE OR OTHERWISE) ARISING IN ANY WAY OUT OF THE U
      +                          SE OF
    42                           ; THIS SOFTWARE, EVEN IF ADVISED OF THE POSSIBILITY OF SUCH DAMAGE.
    43                           ; 
    44                           ; 
    45                           ; Code-generator required, PIC18F4520 Definitions
    46                           ; 
    47                           ; SFR Addresses
    48  0000                     _RCREG	set	4014
    49  0000                     _SPBRG	set	4015
    50  0000                     _RCSTA	set	4011
    51  0000                     _TXSTA	set	4012
    52  0000                     _CMCON	set	4020
    53  0000                     _ADCON1	set	4033
    54  0000                     _TRISB	set	3987
    55  0000                     _TRISD	set	3989
    56  0000                     _TRISC	set	3988
    57  0000                     _PORTD	set	3971
    58  0000                     _PORTC	set	3970
    59  0000                     _LATB	set	3978
    60  0000                     _LATDbits	set	3980
    61  0000                     _RCIF	set	31989
    62                           
    63                           ; #config settings
    64  0000                     
    65                           	psect	cinit
    66  007F68                     __pcinit:
    67                           	opt stack 0
    68  007F68                     start_initialization:
    69                           	opt stack 0
    70  007F68                     __initialization:
    71                           	opt stack 0
    72  007F68                     end_of_initialization:
    73                           	opt stack 0
    74  007F68                     __end_of__initialization:
    75                           	opt stack 0
    76  007F68  0100               	movlb	0
    77  007F6A  EFD8  F03F         	goto	_main	;jump to C main() function
    78                           
    79                           	psect	cstackCOMRAM
    80  000001                     __pcstackCOMRAM:
    81                           	opt stack 0
    82  000001                     ??_pulse:
    83  000001                     
    84                           ; 1 bytes @ 0x0
    85  000001                     	ds	1
    86  000002                     command@cmd:
    87                           	opt stack 0
    88  000002                     data@data:
    89                           	opt stack 0
    90                           
    91                           ; 1 bytes @ 0x1
    92  000002                     	ds	1
    93  000003                     main@m:
    94                           	opt stack 0
    95                           
    96                           ; 1 bytes @ 0x2
    97  000003                     	ds	1
    98                           
    99 ;;
   100 ;;Main: autosize = 0, tempsize = 0, incstack = 0, save=0
   101 ;;
   102 ;; *************** function _main *****************
   103 ;; Defined at:
   104 ;;		line 89 in file "uartlcd.c"
   105 ;; Parameters:    Size  Location     Type
   106 ;;		None
   107 ;; Auto vars:     Size  Location     Type
   108 ;;  m               1    2[COMRAM] unsigned char 
   109 ;; Return value:  Size  Location     Type
   110 ;;                  1    wreg      void 
   111 ;; Registers used:
   112 ;;		wreg, status,2, cstack
   113 ;; Tracked objects:
   114 ;;		On entry : 0/0
   115 ;;		On exit  : 0/0
   116 ;;		Unchanged: 0/0
   117 ;; Data sizes:     COMRAM   BANK0   BANK1   BANK2   BANK3   BANK4   BANK5
   118 ;;      Params:         0       0       0       0       0       0       0
   119 ;;      Locals:         1       0       0       0       0       0       0
   120 ;;      Temps:          0       0       0       0       0       0       0
   121 ;;      Totals:         1       0       0       0       0       0       0
   122 ;;Total ram usage:        1 bytes
   123 ;; Hardware stack levels required when called:    2
   124 ;; This function calls:
   125 ;;		_command
   126 ;;		_data
   127 ;; This function is called by:
   128 ;;		Startup code after reset
   129 ;; This function uses a non-reentrant model
   130 ;;
   131                           
   132                           	psect	text0
   133  007FB0                     __ptext0:
   134                           	opt stack 0
   135  007FB0                     _main:
   136                           	opt stack 29
   137                           
   138                           ;uartlcd.c: 91: PORTC=0X00;
   139                           
   140                           ;incstack = 0
   141  007FB0  0E00               	movlw	0
   142  007FB2  6E82               	movwf	3970,c	;volatile
   143                           
   144                           ;uartlcd.c: 92: PORTD=0X00;
   145  007FB4  0E00               	movlw	0
   146  007FB6  6E83               	movwf	3971,c	;volatile
   147                           
   148                           ;uartlcd.c: 93: TRISC=0X80;
   149  007FB8  0E80               	movlw	128
   150  007FBA  6E94               	movwf	3988,c	;volatile
   151                           
   152                           ;uartlcd.c: 94: TRISD=0X00;
   153  007FBC  0E00               	movlw	0
   154  007FBE  6E95               	movwf	3989,c	;volatile
   155                           
   156                           ;uartlcd.c: 95: TRISB=0X00;
   157  007FC0  0E00               	movlw	0
   158  007FC2  6E93               	movwf	3987,c	;volatile
   159                           
   160                           ;uartlcd.c: 96: ADCON1=0X0F;
   161  007FC4  0E0F               	movlw	15
   162  007FC6  6EC1               	movwf	4033,c	;volatile
   163                           
   164                           ;uartlcd.c: 97: CMCON=0X07;
   165  007FC8  0E07               	movlw	7
   166  007FCA  6EB4               	movwf	4020,c	;volatile
   167                           
   168                           ;uartlcd.c: 98: TXSTA=0X24;
   169  007FCC  0E24               	movlw	36
   170  007FCE  6EAC               	movwf	4012,c	;volatile
   171                           
   172                           ;uartlcd.c: 99: RCSTA=0X90;
   173  007FD0  0E90               	movlw	144
   174  007FD2  6EAB               	movwf	4011,c	;volatile
   175                           
   176                           ;uartlcd.c: 100: SPBRG=129;
   177  007FD4  0E81               	movlw	129
   178  007FD6  6EAF               	movwf	4015,c	;volatile
   179                           
   180                           ;uartlcd.c: 101: char m;
   181                           ;uartlcd.c: 103: command(0x38);
   182  007FD8  0E38               	movlw	56
   183  007FDA  ECB7  F03F         	call	_command
   184                           
   185                           ;uartlcd.c: 104: command(0x0f);
   186  007FDE  0E0F               	movlw	15
   187  007FE0  ECB7  F03F         	call	_command
   188                           
   189                           ;uartlcd.c: 105: command(0x01);
   190  007FE4  0E01               	movlw	1
   191  007FE6  ECB7  F03F         	call	_command
   192                           
   193                           ;uartlcd.c: 106: data('s');
   194  007FEA  0E73               	movlw	115
   195  007FEC  ECBE  F03F         	call	_data
   196  007FF0                     
   197                           ;uartlcd.c: 108: {
   198                           ;uartlcd.c: 111: while(RCIF==0);
   199  007FF0  AA9E               	btfss	3998,5,c	;volatile
   200  007FF2  D7FE               	goto	l44
   201                           
   202                           ;uartlcd.c: 112: m=RCREG;
   203  007FF4  CFAE F003          	movff	4014,main@m	;volatile
   204                           
   205                           ;uartlcd.c: 113: data(m);
   206  007FF8  5003               	movf	main@m,w,c
   207  007FFA  ECBE  F03F         	call	_data
   208  007FFE  D7F8               	goto	l44
   209  008000                     __end_of_main:
   210                           	opt stack 0
   211                           
   212 ;; *************** function _data *****************
   213 ;; Defined at:
   214 ;;		line 83 in file "uartlcd.c"
   215 ;; Parameters:    Size  Location     Type
   216 ;;  data            1    wreg     unsigned char 
   217 ;; Auto vars:     Size  Location     Type
   218 ;;  data            1    1[COMRAM] unsigned char 
   219 ;; Return value:  Size  Location     Type
   220 ;;                  1    wreg      void 
   221 ;; Registers used:
   222 ;;		wreg, cstack
   223 ;; Tracked objects:
   224 ;;		On entry : 0/0
   225 ;;		On exit  : 0/0
   226 ;;		Unchanged: 0/0
   227 ;; Data sizes:     COMRAM   BANK0   BANK1   BANK2   BANK3   BANK4   BANK5
   228 ;;      Params:         0       0       0       0       0       0       0
   229 ;;      Locals:         1       0       0       0       0       0       0
   230 ;;      Temps:          0       0       0       0       0       0       0
   231 ;;      Totals:         1       0       0       0       0       0       0
   232 ;;Total ram usage:        1 bytes
   233 ;; Hardware stack levels used:    1
   234 ;; Hardware stack levels required when called:    1
   235 ;; This function calls:
   236 ;;		_pulse
   237 ;; This function is called by:
   238 ;;		_main
   239 ;; This function uses a non-reentrant model
   240 ;;
   241                           
   242                           	psect	text1
   243  007F7C                     __ptext1:
   244                           	opt stack 0
   245  007F7C                     _data:
   246                           	opt stack 29
   247                           
   248                           ;incstack = 0
   249                           ;data@data stored from wreg
   250  007F7C  6E02               	movwf	data@data,c
   251                           
   252                           ;uartlcd.c: 85: LATDbits.LD2=1;
   253  007F7E  848C               	bsf	3980,2,c	;volatile
   254                           
   255                           ;uartlcd.c: 86: LATB=data;
   256  007F80  C002  FF8A         	movff	data@data,3978	;volatile
   257                           
   258                           ;uartlcd.c: 87: pulse();
   259  007F84  ECC5  F03F         	call	_pulse	;wreg free
   260  007F88  0012               	return		;funcret
   261  007F8A                     __end_of_data:
   262                           	opt stack 0
   263                           
   264 ;; *************** function _command *****************
   265 ;; Defined at:
   266 ;;		line 77 in file "uartlcd.c"
   267 ;; Parameters:    Size  Location     Type
   268 ;;  cmd             1    wreg     unsigned char 
   269 ;; Auto vars:     Size  Location     Type
   270 ;;  cmd             1    1[COMRAM] unsigned char 
   271 ;; Return value:  Size  Location     Type
   272 ;;                  1    wreg      void 
   273 ;; Registers used:
   274 ;;		wreg, cstack
   275 ;; Tracked objects:
   276 ;;		On entry : 0/0
   277 ;;		On exit  : 0/0
   278 ;;		Unchanged: 0/0
   279 ;; Data sizes:     COMRAM   BANK0   BANK1   BANK2   BANK3   BANK4   BANK5
   280 ;;      Params:         0       0       0       0       0       0       0
   281 ;;      Locals:         1       0       0       0       0       0       0
   282 ;;      Temps:          0       0       0       0       0       0       0
   283 ;;      Totals:         1       0       0       0       0       0       0
   284 ;;Total ram usage:        1 bytes
   285 ;; Hardware stack levels used:    1
   286 ;; Hardware stack levels required when called:    1
   287 ;; This function calls:
   288 ;;		_pulse
   289 ;; This function is called by:
   290 ;;		_main
   291 ;; This function uses a non-reentrant model
   292 ;;
   293                           
   294                           	psect	text2
   295  007F6E                     __ptext2:
   296                           	opt stack 0
   297  007F6E                     _command:
   298                           	opt stack 29
   299                           
   300                           ;incstack = 0
   301                           ;command@cmd stored from wreg
   302  007F6E  6E02               	movwf	command@cmd,c
   303                           
   304                           ;uartlcd.c: 79: LATDbits.LD2=0;
   305  007F70  948C               	bcf	3980,2,c	;volatile
   306                           
   307                           ;uartlcd.c: 80: LATB=cmd;
   308  007F72  C002  FF8A         	movff	command@cmd,3978	;volatile
   309                           
   310                           ;uartlcd.c: 81: pulse();
   311  007F76  ECC5  F03F         	call	_pulse	;wreg free
   312  007F7A  0012               	return		;funcret
   313  007F7C                     __end_of_command:
   314                           	opt stack 0
   315                           
   316 ;; *************** function _pulse *****************
   317 ;; Defined at:
   318 ;;		line 70 in file "uartlcd.c"
   319 ;; Parameters:    Size  Location     Type
   320 ;;		None
   321 ;; Auto vars:     Size  Location     Type
   322 ;;		None
   323 ;; Return value:  Size  Location     Type
   324 ;;                  1    wreg      void 
   325 ;; Registers used:
   326 ;;		wreg
   327 ;; Tracked objects:
   328 ;;		On entry : 0/0
   329 ;;		On exit  : 0/0
   330 ;;		Unchanged: 0/0
   331 ;; Data sizes:     COMRAM   BANK0   BANK1   BANK2   BANK3   BANK4   BANK5
   332 ;;      Params:         0       0       0       0       0       0       0
   333 ;;      Locals:         0       0       0       0       0       0       0
   334 ;;      Temps:          1       0       0       0       0       0       0
   335 ;;      Totals:         1       0       0       0       0       0       0
   336 ;;Total ram usage:        1 bytes
   337 ;; Hardware stack levels used:    1
   338 ;; This function calls:
   339 ;;		Nothing
   340 ;; This function is called by:
   341 ;;		_command
   342 ;;		_data
   343 ;; This function uses a non-reentrant model
   344 ;;
   345                           
   346                           	psect	text3
   347  007F8A                     __ptext3:
   348                           	opt stack 0
   349  007F8A                     _pulse:
   350                           	opt stack 29
   351                           
   352                           ;uartlcd.c: 72: LATDbits.LD3=1;
   353                           
   354                           ;incstack = 0
   355  007F8A  868C               	bsf	3980,3,c	;volatile
   356                           
   357                           ;uartlcd.c: 73: _delay((unsigned long)((10)*(20000000/4000.0)));
   358  007F8C  0E41               	movlw	65
   359  007F8E  6E01               	movwf	??_pulse& (0+255),c
   360  007F90  0EEE               	movlw	238
   361  007F92                     u27:
   362  007F92  2EE8               	decfsz	wreg,f,c
   363  007F94  D7FE               	bra	u27
   364  007F96  2E01               	decfsz	??_pulse& (0+255),f,c
   365  007F98  D7FC               	bra	u27
   366  007F9A  D000               	nop2	
   367                           
   368                           ;uartlcd.c: 74: LATDbits.LD3=0;
   369  007F9C  968C               	bcf	3980,3,c	;volatile
   370                           
   371                           ;uartlcd.c: 75: _delay((unsigned long)((10)*(20000000/4000.0)));
   372  007F9E  0E41               	movlw	65
   373  007FA0  6E01               	movwf	??_pulse& (0+255),c
   374  007FA2  0EEE               	movlw	238
   375  007FA4                     u37:
   376  007FA4  2EE8               	decfsz	wreg,f,c
   377  007FA6  D7FE               	bra	u37
   378  007FA8  2E01               	decfsz	??_pulse& (0+255),f,c
   379  007FAA  D7FC               	bra	u37
   380  007FAC  D000               	nop2	
   381  007FAE  0012               	return		;funcret
   382  007FB0                     __end_of_pulse:
   383                           	opt stack 0
   384  0000                     wreg	equ	0xFE8
   385                           wreg	equ	0xFE8
   386                           
   387                           	psect	rparam
   388  0000                     wreg	equ	0xFE8


Data Sizes:
    Strings     0
    Constant    0
    Data        0
    BSS         0
    Persistent  0
    Stack       0

Auto Spaces:
    Space          Size  Autos    Used
    COMRAM          127      3       3
    BANK0           128      0       0
    BANK1           256      0       0
    BANK2           256      0       0
    BANK3           256      0       0
    BANK4           256      0       0
    BANK5           256      0       0

Pointer List with Targets:

    None.

Critical Paths under _main in COMRAM

    _main->_command
    _main->_data
    _data->_pulse
    _command->_pulse

Critical Paths under _main in BANK0

    None.

Critical Paths under _main in BANK1

    None.

Critical Paths under _main in BANK2

    None.

Critical Paths under _main in BANK3

    None.

Critical Paths under _main in BANK4

    None.

Critical Paths under _main in BANK5

    None.

Call Graph Tables:

 ---------------------------------------------------------------------------------
 (Depth) Function   	        Calls       Base Space   Used Autos Params    Refs
 ---------------------------------------------------------------------------------
 (0) _main                                                 1     1      0      45
                                              2 COMRAM     1     1      0
                            _command
                               _data
 ---------------------------------------------------------------------------------
 (1) _data                                                 1     1      0      15
                                              1 COMRAM     1     1      0
                              _pulse
 ---------------------------------------------------------------------------------
 (1) _command                                              1     1      0      15
                                              1 COMRAM     1     1      0
                              _pulse
 ---------------------------------------------------------------------------------
 (2) _pulse                                                1     1      0       0
                                              0 COMRAM     1     1      0
 ---------------------------------------------------------------------------------
 Estimated maximum stack depth 2
 ---------------------------------------------------------------------------------

 Call Graph Graphs:

 _main (ROOT)
   _command
     _pulse
   _data
     _pulse

 Address spaces:
Name               Size   Autos  Total    Cost      Usage
BITCOMRAM           7F      0       0       0        0.0%
EEDATA             100      0       0       0        0.0%
NULL                 0      0       0       0        0.0%
CODE                 0      0       0       0        0.0%
COMRAM              7F      3       3       1        2.4%
STACK                0      0       0       2        0.0%
DATA                 0      0       0       3        0.0%
BITBANK0            80      0       0       4        0.0%
BANK0               80      0       0       5        0.0%
BITBANK1           100      0       0       6        0.0%
BANK1              100      0       0       7        0.0%
BITBANK2           100      0       0       8        0.0%
BANK2              100      0       0       9        0.0%
BITBANK3           100      0       0      10        0.0%
BANK3              100      0       0      11        0.0%
BITBANK4           100      0       0      12        0.0%
BANK4              100      0       0      13        0.0%
BANK5              100      0       0      14        0.0%
ABS                  0      0       0      15        0.0%
BITBANK5           100      0       0      16        0.0%
BIGRAM             5FF      0       0      17        0.0%
BITSFR               0      0       0     200        0.0%
SFR                  0      0       0     200        0.0%


Microchip Technology PIC18 Macro Assembler V1.45 build -152302408 
Symbol Table                                                                                   Fri Jul 19 15:35:49 2019

                     l44 7FF0                       u27 7F92                       u37 7FA4  
            __CFG_BORV$3 000000             __CFG_CP0$OFF 000000             __CFG_CP1$OFF 000000  
           __CFG_CP2$OFF 000000             __CFG_CP3$OFF 000000              __CFG_OSC$HS 000000  
           __CFG_CPB$OFF 000000             __CFG_CPD$OFF 000000                      wreg 000FE8  
           __CFG_LVP$OFF 000000             __CFG_WDT$OFF 000000                     _LATB 000F8A  
                   _RCIF 007CF5                     _data 7F7C                     _main 7FB0  
                   start 0000            __CFG_IESO$OFF 000000            __CFG_MCLRE$ON 000000  
           ___param_bank 000000                    ?_data 0001                    ?_main 0001  
                  _CMCON 000FB4                    _RCREG 000FAE                    _RCSTA 000FAB  
                  _SPBRG 000FAF                    _PORTC 000F82                    _PORTD 000F83  
                  _TRISB 000F93                    _TRISC 000F94                    _TRISD 000F95  
                  _TXSTA 000FAC            __CFG_PWRT$OFF 000000            __CFG_WRT0$OFF 000000  
          __CFG_WRT1$OFF 000000            __CFG_WRT2$OFF 000000            __CFG_WRT3$OFF 000000  
         __CFG_EBTR0$OFF 000000           __CFG_FCMEN$OFF 000000           __CFG_EBTR1$OFF 000000  
         __CFG_EBTR2$OFF 000000           __CFG_EBTR3$OFF 000000          __end_of_command 7F7C  
          __CFG_WRTB$OFF 000000            __CFG_WRTC$OFF 000000            __CFG_WRTD$OFF 000000  
         __CFG_EBTRB$OFF 000000                    _pulse 7F8A                    main@m 0003  
         __CFG_PBADEN$ON 000000          __initialization 7F68             __end_of_data 7F8A  
           __end_of_main 8000                   ??_data 0002                   ??_main 0003  
          __activetblptr 000000                   _ADCON1 000FC1                   ?_pulse 0001  
         __CFG_XINST$OFF 000000                ??_command 0002               __accesstop 0080  
__end_of__initialization 7F68            ___rparam_used 000001           __pcstackCOMRAM 0001  
          __end_of_pulse 7FB0                  ??_pulse 0001                  __Hparam 0000  
                __Lparam 0000          __CFG_STVREN$OFF 000000                  __pcinit 7F68  
                __ramtop 0600                  __ptext0 7FB0                  __ptext1 7F7C  
                __ptext2 7F6E                  __ptext3 7F8A                  _command 7F6E  
   end_of_initialization 7F68               command@cmd 0002      start_initialization 7F68  
       __CFG_LPT1OSC$OFF 000000        __CFG_CCP2MX$PORTC 000000                 ?_command 0001  
         __size_of_pulse 0026                 _LATDbits 000F8C         __CFG_WDTPS$32768 000000  
               __Hrparam 0000                 __Lrparam 0000       __CFG_BOREN$SBORDIS 000000  
       __size_of_command 000E                 data@data 0002            __size_of_data 000E  
          __size_of_main 0050  
