

Microchip Technology PIC18 LITE Macro Assembler V1.45 build -152302408 
                                                                                               Fri Jun 21 04:33:55 2019

Microchip Technology Omniscient Code Generator v1.45 (Free mode) build 201711160504
     1                           	processor	18F4520
     2                           	fnconf	rparam,??,?,0
     3                           	opt	pw 120
     4                           	opt	lm
     5                           	psect	cinit,global,reloc=2,class=CODE,delta=1
     6                           	psect	cstackCOMRAM,global,class=COMRAM,space=1,delta=1,noexec
     7                           	psect	text0,global,reloc=2,class=CODE,delta=1
     8                           	psect	intsave_regs,global,class=BIGRAM,space=1,delta=1,noexec
     9                           	psect	rparam,global,class=COMRAM,space=1,delta=1,noexec
    10  0000                     
    11                           ; Version 1.45
    12                           ; Generated 16/11/2017 GMT
    13                           ; 
    14                           ; Copyright © 2017, Microchip Technology Inc. and its subsidiaries ("Microchip")
    15                           ; All rights reserved.
    16                           ; 
    17                           ; This software is developed by Microchip Technology Inc. and its subsidiaries ("Microch
      +                          ip").
    18                           ; 
    19                           ; Redistribution and use in source and binary forms, with or without modification, are
    20                           ; permitted provided that the following conditions are met:
    21                           ; 
    22                           ;     1. Redistributions of source code must retain the above copyright notice, this lis
      +                          t of
    23                           ;        conditions and the following disclaimer.
    24                           ; 
    25                           ;     2. Redistributions in binary form must reproduce the above copyright notice, this 
      +                          list
    26                           ;        of conditions and the following disclaimer in the documentation and/or other
    27                           ;        materials provided with the distribution.
    28                           ; 
    29                           ;     3. Microchip's name may not be used to endorse or promote products derived from th
      +                          is
    30                           ;        software without specific prior written permission.
    31                           ; 
    32                           ; THIS SOFTWARE IS PROVIDED BY MICROCHIP "AS IS" AND ANY EXPRESS OR IMPLIED WARRANTIES,
    33                           ; INCLUDING, BUT NOT LIMITED TO, THE IMPLIED WARRANTIES OF MERCHANTABILITY AND FITNESS F
      +                          OR
    34                           ; PURPOSE ARE DISCLAIMED.  IN NO EVENT SHALL MICROCHIP BE LIABLE FOR ANY DIRECT, INDIREC
      +                          T,
    35                           ; INCIDENTAL, SPECIAL, EXEMPLARY, OR CONSEQUENTIAL DAMAGES (INCLUDING BUT NOT LIMITED TO
    36                           ; PROCUREMENT OF SUBSTITUTE GOODS OR SERVICES; LOSS OF USE, DATA OR PROFITS; OR BUSINESS
    37                           ; INTERRUPTION) HOWSOEVER CAUSED AND ON ANY THEORY OF LIABILITY, WHETHER IN CONTRACT, ST
      +                          RICT
    38                           ; LIABILITY, OR TORT (INCLUDING NEGLIGENCE OR OTHERWISE) ARISING IN ANY WAY OUT OF THE U
      +                          SE OF
    39                           ; THIS SOFTWARE, EVEN IF ADVISED OF THE POSSIBILITY OF SUCH DAMAGE.
    40                           ; 
    41                           ; 
    42                           ; Code-generator required, PIC18F4520 Definitions
    43                           ; 
    44                           ; SFR Addresses
    45  0000                     _T3CONbits	set	4017
    46  0000                     _TMR3H	set	4019
    47  0000                     _TMR3L	set	4018
    48  0000                     _LATBbits	set	3978
    49  0000                     _CMCON	set	4020
    50  0000                     _ADCON1	set	4033
    51  0000                     _T3CON	set	4017
    52  0000                     _TRISB	set	3987
    53  0000                     _PORTB	set	3969
    54  0000                     _TMR3IF	set	32009
    55                           
    56                           ; #config settings
    57                           
    58                           	psect	cinit
    59  007FBC                     __pcinit:
    60                           	opt stack 0
    61  007FBC                     start_initialization:
    62                           	opt stack 0
    63  007FBC                     __initialization:
    64                           	opt stack 0
    65  007FBC                     end_of_initialization:
    66                           	opt stack 0
    67  007FBC                     __end_of__initialization:
    68                           	opt stack 0
    69  007FBC  0100               	movlb	0
    70  007FBE  EFE1  F03F         	goto	_main	;jump to C main() function
    71                           
    72                           	psect	cstackCOMRAM
    73  000001                     __pcstackCOMRAM:
    74                           	opt stack 0
    75  000001                     ??_main:
    76                           
    77                           ; 1 bytes @ 0x0
    78  000001                     	ds	1
    79                           
    80 ;;
    81 ;;Main: autosize = 0, tempsize = 1, incstack = 0, save=0
    82 ;;
    83 ;; *************** function _main *****************
    84 ;; Defined at:
    85 ;;		line 3 in file "TIMR3.c"
    86 ;; Parameters:    Size  Location     Type
    87 ;;		None
    88 ;; Auto vars:     Size  Location     Type
    89 ;;		None
    90 ;; Return value:  Size  Location     Type
    91 ;;                  1    wreg      void 
    92 ;; Registers used:
    93 ;;		wreg, status,2, status,0
    94 ;; Tracked objects:
    95 ;;		On entry : 0/0
    96 ;;		On exit  : 0/0
    97 ;;		Unchanged: 0/0
    98 ;; Data sizes:     COMRAM   BANK0   BANK1   BANK2   BANK3   BANK4   BANK5
    99 ;;      Params:         0       0       0       0       0       0       0
   100 ;;      Locals:         0       0       0       0       0       0       0
   101 ;;      Temps:          1       0       0       0       0       0       0
   102 ;;      Totals:         1       0       0       0       0       0       0
   103 ;;Total ram usage:        1 bytes
   104 ;; This function calls:
   105 ;;		Nothing
   106 ;; This function is called by:
   107 ;;		Startup code after reset
   108 ;; This function uses a non-reentrant model
   109 ;;
   110                           
   111                           	psect	text0
   112  007FC2                     __ptext0:
   113                           	opt stack 0
   114  007FC2                     _main:
   115                           	opt stack 31
   116                           
   117                           ;TIMR3.c: 5: PORTB=0X00;
   118                           
   119                           ;incstack = 0
   120  007FC2  0E00               	movlw	0
   121  007FC4  6E81               	movwf	3969,c	;volatile
   122                           
   123                           ;TIMR3.c: 6: TRISB=0X00;
   124  007FC6  0E00               	movlw	0
   125  007FC8  6E93               	movwf	3987,c	;volatile
   126                           
   127                           ;TIMR3.c: 7: T3CON=0X80;
   128  007FCA  0E80               	movlw	128
   129  007FCC  6EB1               	movwf	4017,c	;volatile
   130                           
   131                           ;TIMR3.c: 9: ADCON1=0X0f;
   132  007FCE  0E0F               	movlw	15
   133  007FD0  6EC1               	movwf	4033,c	;volatile
   134                           
   135                           ;TIMR3.c: 10: CMCON=0X07;
   136  007FD2  0E07               	movlw	7
   137  007FD4  6EB4               	movwf	4020,c	;volatile
   138                           
   139                           ;TIMR3.c: 13: LATBbits.LB0=0;
   140  007FD6  908A               	bcf	3978,0,c	;volatile
   141  007FD8                     l25:
   142                           
   143                           ;TIMR3.c: 15: {
   144                           ;TIMR3.c: 16: TMR3L=0X09;
   145  007FD8  0E09               	movlw	9
   146  007FDA  6EB2               	movwf	4018,c	;volatile
   147                           
   148                           ;TIMR3.c: 17: TMR3H=0XFF;
   149  007FDC  68B3               	setf	4019,c	;volatile
   150                           
   151                           ;TIMR3.c: 18: T3CONbits.TMR3ON=1;
   152  007FDE  80B1               	bsf	4017,0,c	;volatile
   153  007FE0  A2A1               	btfss	4001,1,c	;volatile
   154  007FE2  D7FE               	goto	l27
   155                           
   156                           ;TIMR3.c: 21: TMR3IF=0;
   157  007FE4  92A1               	bcf	4001,1,c	;volatile
   158                           
   159                           ;TIMR3.c: 22: LATBbits.LB0=~LATBbits.LB0;
   160  007FE6  A08A               	btfss	3978,0,c	;volatile
   161  007FE8  D002               	goto	u20
   162  007FEA  0E01               	movlw	1
   163  007FEC  D001               	goto	u26
   164  007FEE                     u20:
   165  007FEE  0E00               	movlw	0
   166  007FF0                     u26:
   167  007FF0  0AFF               	xorlw	255
   168  007FF2  6E01               	movwf	??_main& (0+255),c
   169  007FF4  508A               	movf	3978,w,c	;volatile
   170  007FF6  1801               	xorwf	??_main,w,c
   171  007FF8  0BFE               	andlw	-2
   172  007FFA  1801               	xorwf	??_main,w,c
   173  007FFC  6E8A               	movwf	3978,c	;volatile
   174  007FFE  D7EC               	goto	l25
   175  008000                     __end_of_main:
   176                           	opt stack 0
   177  0000                     
   178                           	psect	rparam


Data Sizes:
    Strings     0
    Constant    0
    Data        0
    BSS         0
    Persistent  0
    Stack       0

Auto Spaces:
    Space          Size  Autos    Used
    COMRAM          127      1       1
    BANK0           128      0       0
    BANK1           256      0       0
    BANK2           256      0       0
    BANK3           256      0       0
    BANK4           256      0       0
    BANK5           256      0       0

Pointer List with Targets:

    None.

Critical Paths under _main in COMRAM

    None.

Critical Paths under _main in BANK0

    None.

Critical Paths under _main in BANK1

    None.

Critical Paths under _main in BANK2

    None.

Critical Paths under _main in BANK3

    None.

Critical Paths under _main in BANK4

    None.

Critical Paths under _main in BANK5

    None.

Call Graph Tables:

 ---------------------------------------------------------------------------------
 (Depth) Function   	        Calls       Base Space   Used Autos Params    Refs
 ---------------------------------------------------------------------------------
 (0) _main                                                 1     1      0       0
                                              0 COMRAM     1     1      0
 ---------------------------------------------------------------------------------
 Estimated maximum stack depth 0
 ---------------------------------------------------------------------------------

 Call Graph Graphs:

 _main (ROOT)

 Address spaces:
Name               Size   Autos  Total    Cost      Usage
BITCOMRAM           7F      0       0       0        0.0%
EEDATA             100      0       0       0        0.0%
NULL                 0      0       0       0        0.0%
CODE                 0      0       0       0        0.0%
COMRAM              7F      1       1       1        0.8%
STACK                0      0       0       2        0.0%
DATA                 0      0       0       3        0.0%
BITBANK0            80      0       0       4        0.0%
BANK0               80      0       0       5        0.0%
BITBANK1           100      0       0       6        0.0%
BANK1              100      0       0       7        0.0%
BITBANK2           100      0       0       8        0.0%
BANK2              100      0       0       9        0.0%
BITBANK3           100      0       0      10        0.0%
BANK3              100      0       0      11        0.0%
BITBANK4           100      0       0      12        0.0%
BANK4              100      0       0      13        0.0%
BANK5              100      0       0      14        0.0%
ABS                  0      0       0      15        0.0%
BITBANK5           100      0       0      16        0.0%
BIGRAM             5FF      0       0      17        0.0%
BITSFR               0      0       0     200        0.0%
SFR                  0      0       0     200        0.0%


Microchip Technology PIC18 Macro Assembler V1.45 build -152302408 
Symbol Table                                                                                   Fri Jun 21 04:33:55 2019

                     l25 7FD8                       l27 7FE0                       u20 7FEE  
                     u26 7FF0                     _main 7FC2                     start 0000  
           ___param_bank 000000                    ?_main 0001                    _CMCON 000FB4  
                  _T3CON 000FB1                    _TMR3H 000FB3                    _TMR3L 000FB2  
                  _PORTB 000F81                    _TRISB 000F93          __initialization 7FBC  
           __end_of_main 8000                   ??_main 0001            __activetblptr 000000  
                 _ADCON1 000FC1                   _TMR3IF 007D09               __accesstop 0080  
__end_of__initialization 7FBC            ___rparam_used 000001           __pcstackCOMRAM 0001  
                __Hparam 0000                  __Lparam 0000                  __pcinit 7FBC  
                __ramtop 0600                  __ptext0 7FC2                _T3CONbits 000FB1  
   end_of_initialization 7FBC      start_initialization 7FBC                 _LATBbits 000F8A  
               __Hrparam 0000                 __Lrparam 0000            __size_of_main 003E  
