

Microchip Technology PIC18 LITE Macro Assembler V1.45 build -152302408 
                                                                                               Fri Jun 21 04:13:53 2019

Microchip Technology Omniscient Code Generator v1.45 (Free mode) build 201711160504
     1                           	processor	18F4520
     2                           	fnconf	rparam,??,?,0
     3                           	opt	pw 120
     4                           	opt	lm
     5                           	psect	cinit,global,reloc=2,class=CODE,delta=1
     6                           	psect	cstackCOMRAM,global,class=COMRAM,space=1,delta=1,noexec
     7                           	psect	text0,global,reloc=2,class=CODE,delta=1
     8                           	psect	intsave_regs,global,class=BIGRAM,space=1,delta=1,noexec
     9                           	psect	rparam,global,class=COMRAM,space=1,delta=1,noexec
    10  0000                     
    11                           ; Version 1.45
    12                           ; Generated 16/11/2017 GMT
    13                           ; 
    14                           ; Copyright © 2017, Microchip Technology Inc. and its subsidiaries ("Microchip")
    15                           ; All rights reserved.
    16                           ; 
    17                           ; This software is developed by Microchip Technology Inc. and its subsidiaries ("Microch
      +                          ip").
    18                           ; 
    19                           ; Redistribution and use in source and binary forms, with or without modification, are
    20                           ; permitted provided that the following conditions are met:
    21                           ; 
    22                           ;     1. Redistributions of source code must retain the above copyright notice, this lis
      +                          t of
    23                           ;        conditions and the following disclaimer.
    24                           ; 
    25                           ;     2. Redistributions in binary form must reproduce the above copyright notice, this 
      +                          list
    26                           ;        of conditions and the following disclaimer in the documentation and/or other
    27                           ;        materials provided with the distribution.
    28                           ; 
    29                           ;     3. Microchip's name may not be used to endorse or promote products derived from th
      +                          is
    30                           ;        software without specific prior written permission.
    31                           ; 
    32                           ; THIS SOFTWARE IS PROVIDED BY MICROCHIP "AS IS" AND ANY EXPRESS OR IMPLIED WARRANTIES,
    33                           ; INCLUDING, BUT NOT LIMITED TO, THE IMPLIED WARRANTIES OF MERCHANTABILITY AND FITNESS F
      +                          OR
    34                           ; PURPOSE ARE DISCLAIMED.  IN NO EVENT SHALL MICROCHIP BE LIABLE FOR ANY DIRECT, INDIREC
      +                          T,
    35                           ; INCIDENTAL, SPECIAL, EXEMPLARY, OR CONSEQUENTIAL DAMAGES (INCLUDING BUT NOT LIMITED TO
    36                           ; PROCUREMENT OF SUBSTITUTE GOODS OR SERVICES; LOSS OF USE, DATA OR PROFITS; OR BUSINESS
    37                           ; INTERRUPTION) HOWSOEVER CAUSED AND ON ANY THEORY OF LIABILITY, WHETHER IN CONTRACT, ST
      +                          RICT
    38                           ; LIABILITY, OR TORT (INCLUDING NEGLIGENCE OR OTHERWISE) ARISING IN ANY WAY OUT OF THE U
      +                          SE OF
    39                           ; THIS SOFTWARE, EVEN IF ADVISED OF THE POSSIBILITY OF SUCH DAMAGE.
    40                           ; 
    41                           ; 
    42                           ; Code-generator required, PIC18F4520 Definitions
    43                           ; 
    44                           ; SFR Addresses
    45  0000                     _LATBbits	set	3978
    46  0000                     _CMCON	set	4020
    47  0000                     _ADCON1	set	4033
    48  0000                     _T0CON	set	4053
    49  0000                     _TRISB	set	3987
    50  0000                     _PORTB	set	3969
    51  0000                     _TMR0IF	set	32658
    52                           
    53                           ; #config settings
    54                           
    55                           	psect	cinit
    56  007FAA                     __pcinit:
    57                           	opt stack 0
    58  007FAA                     start_initialization:
    59                           	opt stack 0
    60  007FAA                     __initialization:
    61                           	opt stack 0
    62  007FAA                     end_of_initialization:
    63                           	opt stack 0
    64  007FAA                     __end_of__initialization:
    65                           	opt stack 0
    66  007FAA  0100               	movlb	0
    67  007FAC  EFD8  F03F         	goto	_main	;jump to C main() function
    68                           
    69                           	psect	cstackCOMRAM
    70  000001                     __pcstackCOMRAM:
    71                           	opt stack 0
    72  000001                     ??_main:
    73                           
    74                           ; 1 bytes @ 0x0
    75  000001                     	ds	1
    76  000002                     main@count:
    77                           	opt stack 0
    78                           
    79                           ; 2 bytes @ 0x1
    80  000002                     	ds	2
    81                           
    82 ;;
    83 ;;Main: autosize = 0, tempsize = 1, incstack = 0, save=0
    84 ;;
    85 ;; *************** function _main *****************
    86 ;; Defined at:
    87 ;;		line 3 in file "blink.c"
    88 ;; Parameters:    Size  Location     Type
    89 ;;		None
    90 ;; Auto vars:     Size  Location     Type
    91 ;;  count           2    1[COMRAM] unsigned int 
    92 ;; Return value:  Size  Location     Type
    93 ;;                  1    wreg      void 
    94 ;; Registers used:
    95 ;;		wreg, status,2, status,0
    96 ;; Tracked objects:
    97 ;;		On entry : 0/0
    98 ;;		On exit  : 0/0
    99 ;;		Unchanged: 0/0
   100 ;; Data sizes:     COMRAM   BANK0   BANK1   BANK2   BANK3   BANK4   BANK5
   101 ;;      Params:         0       0       0       0       0       0       0
   102 ;;      Locals:         2       0       0       0       0       0       0
   103 ;;      Temps:          1       0       0       0       0       0       0
   104 ;;      Totals:         3       0       0       0       0       0       0
   105 ;;Total ram usage:        3 bytes
   106 ;; This function calls:
   107 ;;		Nothing
   108 ;; This function is called by:
   109 ;;		Startup code after reset
   110 ;; This function uses a non-reentrant model
   111 ;;
   112                           
   113                           	psect	text0
   114  007FB0                     __ptext0:
   115                           	opt stack 0
   116  007FB0                     _main:
   117                           	opt stack 31
   118                           
   119                           ;blink.c: 5: PORTB=0X00;
   120                           
   121                           ;incstack = 0
   122  007FB0  0E00               	movlw	0
   123  007FB2  6E81               	movwf	3969,c	;volatile
   124                           
   125                           ;blink.c: 6: TRISB=0X00;
   126  007FB4  0E00               	movlw	0
   127  007FB6  6E93               	movwf	3987,c	;volatile
   128                           
   129                           ;blink.c: 7: T0CON=0X53;
   130  007FB8  0E53               	movlw	83
   131  007FBA  6ED5               	movwf	4053,c	;volatile
   132                           
   133                           ;blink.c: 8: T0CON=0XD3;
   134  007FBC  0ED3               	movlw	211
   135  007FBE  6ED5               	movwf	4053,c	;volatile
   136                           
   137                           ;blink.c: 9: ADCON1=0X0f;
   138  007FC0  0E0F               	movlw	15
   139  007FC2  6EC1               	movwf	4033,c	;volatile
   140                           
   141                           ;blink.c: 10: CMCON=0X07;
   142  007FC4  0E07               	movlw	7
   143  007FC6  6EB4               	movwf	4020,c	;volatile
   144                           
   145                           ;blink.c: 11: unsigned int count;
   146                           ;blink.c: 12: LATBbits.LB0=0;
   147  007FC8  908A               	bcf	3978,0,c	;volatile
   148  007FCA                     
   149                           ;blink.c: 14: {
   150                           ;blink.c: 15: if(TMR0IF==1)
   151  007FCA  A4F2               	btfss	intcon,2,c	;volatile
   152  007FCC  D003               	goto	l20
   153                           
   154                           ;blink.c: 16: {
   155                           ;blink.c: 17: count++;
   156  007FCE  4A02               	infsnz	main@count,f,c
   157  007FD0  2A03               	incf	main@count+1,f,c
   158                           
   159                           ;blink.c: 18: TMR0IF=0;
   160  007FD2  94F2               	bcf	intcon,2,c	;volatile
   161  007FD4                     l20:
   162                           
   163                           ;blink.c: 19: }
   164                           ;blink.c: 20: if(count==98)
   165  007FD4  0E62               	movlw	98
   166  007FD6  1802               	xorwf	main@count,w,c
   167  007FD8  1003               	iorwf	main@count+1,w,c
   168  007FDA  A4D8               	btfss	status,2,c
   169  007FDC  D7F6               	goto	l19
   170                           
   171                           ;blink.c: 21: {
   172                           ;blink.c: 22: LATBbits.LB0=~LATBbits.LB0;
   173  007FDE  A08A               	btfss	3978,0,c	;volatile
   174  007FE0  D002               	goto	u30
   175  007FE2  0E01               	movlw	1
   176  007FE4  D001               	goto	u36
   177  007FE6                     u30:
   178  007FE6  0E00               	movlw	0
   179  007FE8                     u36:
   180  007FE8  0AFF               	xorlw	255
   181  007FEA  6E01               	movwf	??_main& (0+255),c
   182  007FEC  508A               	movf	3978,w,c	;volatile
   183  007FEE  1801               	xorwf	??_main,w,c
   184  007FF0  0BFE               	andlw	-2
   185  007FF2  1801               	xorwf	??_main,w,c
   186  007FF4  6E8A               	movwf	3978,c	;volatile
   187                           
   188                           ;blink.c: 25: count=0;
   189  007FF6  0E00               	movlw	0
   190  007FF8  6E03               	movwf	main@count+1,c
   191  007FFA  0E00               	movlw	0
   192  007FFC  6E02               	movwf	main@count,c
   193  007FFE  D7E5               	goto	l19
   194  008000                     __end_of_main:
   195                           	opt stack 0
   196  0000                     intcon	equ	0xFF2
   197                           status	equ	0xFD8
   198                           intcon	equ	0xFF2
   199                           status	equ	0xFD8
   200                           
   201                           	psect	rparam
   202  0000                     intcon	equ	0xFF2
   203                           status	equ	0xFD8


Data Sizes:
    Strings     0
    Constant    0
    Data        0
    BSS         0
    Persistent  0
    Stack       0

Auto Spaces:
    Space          Size  Autos    Used
    COMRAM          127      3       3
    BANK0           128      0       0
    BANK1           256      0       0
    BANK2           256      0       0
    BANK3           256      0       0
    BANK4           256      0       0
    BANK5           256      0       0

Pointer List with Targets:

    None.

Critical Paths under _main in COMRAM

    None.

Critical Paths under _main in BANK0

    None.

Critical Paths under _main in BANK1

    None.

Critical Paths under _main in BANK2

    None.

Critical Paths under _main in BANK3

    None.

Critical Paths under _main in BANK4

    None.

Critical Paths under _main in BANK5

    None.

Call Graph Tables:

 ---------------------------------------------------------------------------------
 (Depth) Function   	        Calls       Base Space   Used Autos Params    Refs
 ---------------------------------------------------------------------------------
 (0) _main                                                 3     3      0      15
                                              0 COMRAM     3     3      0
 ---------------------------------------------------------------------------------
 Estimated maximum stack depth 0
 ---------------------------------------------------------------------------------

 Call Graph Graphs:

 _main (ROOT)

 Address spaces:
Name               Size   Autos  Total    Cost      Usage
BITCOMRAM           7F      0       0       0        0.0%
EEDATA             100      0       0       0        0.0%
NULL                 0      0       0       0        0.0%
CODE                 0      0       0       0        0.0%
COMRAM              7F      3       3       1        2.4%
STACK                0      0       0       2        0.0%
DATA                 0      0       0       3        0.0%
BITBANK0            80      0       0       4        0.0%
BANK0               80      0       0       5        0.0%
BITBANK1           100      0       0       6        0.0%
BANK1              100      0       0       7        0.0%
BITBANK2           100      0       0       8        0.0%
BANK2              100      0       0       9        0.0%
BITBANK3           100      0       0      10        0.0%
BANK3              100      0       0      11        0.0%
BITBANK4           100      0       0      12        0.0%
BANK4              100      0       0      13        0.0%
BANK5              100      0       0      14        0.0%
ABS                  0      0       0      15        0.0%
BITBANK5           100      0       0      16        0.0%
BIGRAM             5FF      0       0      17        0.0%
BITSFR               0      0       0     200        0.0%
SFR                  0      0       0     200        0.0%


Microchip Technology PIC18 Macro Assembler V1.45 build -152302408 
Symbol Table                                                                                   Fri Jun 21 04:13:53 2019

                     l20 7FD4                       l19 7FCA                       u30 7FE6  
                     u36 7FE8                     _main 7FB0                     start 0000  
           ___param_bank 000000                    ?_main 0001                    _CMCON 000FB4  
                  _T0CON 000FD5                    _PORTB 000F81                    _TRISB 000F93  
                  status 000FD8          __initialization 7FAA             __end_of_main 8000  
                 ??_main 0001            __activetblptr 000000                   _ADCON1 000FC1  
                 _TMR0IF 007F92               __accesstop 0080  __end_of__initialization 7FAA  
          ___rparam_used 000001           __pcstackCOMRAM 0001                  __Hparam 0000  
                __Lparam 0000                  __pcinit 7FAA                  __ramtop 0600  
                __ptext0 7FB0     end_of_initialization 7FAA      start_initialization 7FAA  
               _LATBbits 000F8A                main@count 0002                 __Hrparam 0000  
               __Lrparam 0000            __size_of_main 0050  
