

Microchip Technology PIC18 LITE Macro Assembler V1.45 build -152302408 
                                                                                               Thu Jun 27 05:03:40 2019

Microchip Technology Omniscient Code Generator v1.45 (Free mode) build 201711160504
     1                           	processor	18F4520
     2                           	fnconf	rparam,??,?,0
     3                           	opt	pw 120
     4                           	opt	lm
     5                           	psect	cinit,global,reloc=2,class=CODE,delta=1
     6                           	psect	cstackCOMRAM,global,class=COMRAM,space=1,delta=1,noexec
     7                           	psect	text0,global,reloc=2,class=CODE,delta=1
     8                           	psect	intsave_regs,global,class=BIGRAM,space=1,delta=1,noexec
     9                           	psect	rparam,global,class=COMRAM,space=1,delta=1,noexec
    10  0000                     
    11                           ; Version 1.45
    12                           ; Generated 16/11/2017 GMT
    13                           ; 
    14                           ; Copyright © 2017, Microchip Technology Inc. and its subsidiaries ("Microchip")
    15                           ; All rights reserved.
    16                           ; 
    17                           ; This software is developed by Microchip Technology Inc. and its subsidiaries ("Microch
      +                          ip").
    18                           ; 
    19                           ; Redistribution and use in source and binary forms, with or without modification, are
    20                           ; permitted provided that the following conditions are met:
    21                           ; 
    22                           ;     1. Redistributions of source code must retain the above copyright notice, this lis
      +                          t of
    23                           ;        conditions and the following disclaimer.
    24                           ; 
    25                           ;     2. Redistributions in binary form must reproduce the above copyright notice, this 
      +                          list
    26                           ;        of conditions and the following disclaimer in the documentation and/or other
    27                           ;        materials provided with the distribution.
    28                           ; 
    29                           ;     3. Microchip's name may not be used to endorse or promote products derived from th
      +                          is
    30                           ;        software without specific prior written permission.
    31                           ; 
    32                           ; THIS SOFTWARE IS PROVIDED BY MICROCHIP "AS IS" AND ANY EXPRESS OR IMPLIED WARRANTIES,
    33                           ; INCLUDING, BUT NOT LIMITED TO, THE IMPLIED WARRANTIES OF MERCHANTABILITY AND FITNESS F
      +                          OR
    34                           ; PURPOSE ARE DISCLAIMED.  IN NO EVENT SHALL MICROCHIP BE LIABLE FOR ANY DIRECT, INDIREC
      +                          T,
    35                           ; INCIDENTAL, SPECIAL, EXEMPLARY, OR CONSEQUENTIAL DAMAGES (INCLUDING BUT NOT LIMITED TO
    36                           ; PROCUREMENT OF SUBSTITUTE GOODS OR SERVICES; LOSS OF USE, DATA OR PROFITS; OR BUSINESS
    37                           ; INTERRUPTION) HOWSOEVER CAUSED AND ON ANY THEORY OF LIABILITY, WHETHER IN CONTRACT, ST
      +                          RICT
    38                           ; LIABILITY, OR TORT (INCLUDING NEGLIGENCE OR OTHERWISE) ARISING IN ANY WAY OUT OF THE U
      +                          SE OF
    39                           ; THIS SOFTWARE, EVEN IF ADVISED OF THE POSSIBILITY OF SUCH DAMAGE.
    40                           ; 
    41                           ; 
    42                           ; Code-generator required, PIC18F4520 Definitions
    43                           ; 
    44                           ; SFR Addresses
    45  0000                     _LATBbits	set	3978
    46  0000                     _PR2	set	4043
    47  0000                     _CMCON	set	4020
    48  0000                     _ADCON1	set	4033
    49  0000                     _T2CON	set	4042
    50  0000                     _TRISB	set	3987
    51  0000                     _PORTB	set	3969
    52  0000                     _TMR2IF	set	31985
    53                           
    54                           ; #config settings
    55  0000                     
    56                           	psect	cinit
    57  007FA4                     __pcinit:
    58                           	opt stack 0
    59  007FA4                     start_initialization:
    60                           	opt stack 0
    61  007FA4                     __initialization:
    62                           	opt stack 0
    63  007FA4                     end_of_initialization:
    64                           	opt stack 0
    65  007FA4                     __end_of__initialization:
    66                           	opt stack 0
    67  007FA4  0100               	movlb	0
    68  007FA6  EFD5  F03F         	goto	_main	;jump to C main() function
    69                           
    70                           	psect	cstackCOMRAM
    71  000001                     __pcstackCOMRAM:
    72                           	opt stack 0
    73  000001                     ??_main:
    74                           
    75                           ; 1 bytes @ 0x0
    76  000001                     	ds	1
    77  000002                     main@count:
    78                           	opt stack 0
    79                           
    80                           ; 2 bytes @ 0x1
    81  000002                     	ds	2
    82                           
    83 ;;
    84 ;;Main: autosize = 0, tempsize = 1, incstack = 0, save=0
    85 ;;
    86 ;; *************** function _main *****************
    87 ;; Defined at:
    88 ;;		line 66 in file "timr2.c"
    89 ;; Parameters:    Size  Location     Type
    90 ;;		None
    91 ;; Auto vars:     Size  Location     Type
    92 ;;  count           2    1[COMRAM] int 
    93 ;; Return value:  Size  Location     Type
    94 ;;                  1    wreg      void 
    95 ;; Registers used:
    96 ;;		wreg, status,2, status,0
    97 ;; Tracked objects:
    98 ;;		On entry : 0/0
    99 ;;		On exit  : 0/0
   100 ;;		Unchanged: 0/0
   101 ;; Data sizes:     COMRAM   BANK0   BANK1   BANK2   BANK3   BANK4   BANK5
   102 ;;      Params:         0       0       0       0       0       0       0
   103 ;;      Locals:         2       0       0       0       0       0       0
   104 ;;      Temps:          1       0       0       0       0       0       0
   105 ;;      Totals:         3       0       0       0       0       0       0
   106 ;;Total ram usage:        3 bytes
   107 ;; This function calls:
   108 ;;		Nothing
   109 ;; This function is called by:
   110 ;;		Startup code after reset
   111 ;; This function uses a non-reentrant model
   112 ;;
   113                           
   114                           	psect	text0
   115  007FAA                     __ptext0:
   116                           	opt stack 0
   117  007FAA                     _main:
   118                           	opt stack 31
   119                           
   120                           ;timr2.c: 68: PORTB=0X00;
   121                           
   122                           ;incstack = 0
   123  007FAA  0E00               	movlw	0
   124  007FAC  6E81               	movwf	3969,c	;volatile
   125                           
   126                           ;timr2.c: 69: TRISB=0X00;
   127  007FAE  0E00               	movlw	0
   128  007FB0  6E93               	movwf	3987,c	;volatile
   129                           
   130                           ;timr2.c: 70: T2CON=0X00;
   131  007FB2  0E00               	movlw	0
   132  007FB4  6ECA               	movwf	4042,c	;volatile
   133                           
   134                           ;timr2.c: 71: T2CON=0X04;
   135  007FB6  0E04               	movlw	4
   136  007FB8  6ECA               	movwf	4042,c	;volatile
   137                           
   138                           ;timr2.c: 72: ADCON1=0X0f;
   139  007FBA  0E0F               	movlw	15
   140  007FBC  6EC1               	movwf	4033,c	;volatile
   141                           
   142                           ;timr2.c: 73: CMCON=0X07;
   143  007FBE  0E07               	movlw	7
   144  007FC0  6EB4               	movwf	4020,c	;volatile
   145                           
   146                           ;timr2.c: 74: PR2=0XFF;
   147  007FC2  68CB               	setf	4043,c	;volatile
   148                           
   149                           ;timr2.c: 75: int count;
   150                           ;timr2.c: 76: LATBbits.LB0=0;
   151  007FC4  908A               	bcf	3978,0,c	;volatile
   152  007FC6                     l654:
   153                           
   154                           ;timr2.c: 78: {
   155                           ;timr2.c: 79: if(TMR2IF==1)
   156  007FC6  A29E               	btfss	3998,1,c	;volatile
   157  007FC8  D003               	goto	l22
   158                           
   159                           ;timr2.c: 80: {
   160                           ;timr2.c: 81: count++;
   161  007FCA  4A02               	infsnz	main@count,f,c
   162  007FCC  2A03               	incf	main@count+1,f,c
   163                           
   164                           ;timr2.c: 82: TMR2IF=0;
   165  007FCE  929E               	bcf	3998,1,c	;volatile
   166  007FD0                     l22:
   167                           
   168                           ;timr2.c: 83: }
   169                           ;timr2.c: 84: if(count==4902)
   170  007FD0  0E26               	movlw	38
   171  007FD2  1802               	xorwf	main@count,w,c
   172  007FD4  E1F8               	bnz	l654
   173  007FD6  0E13               	movlw	19
   174  007FD8  1803               	xorwf	main@count+1,w,c
   175  007FDA  A4D8               	btfss	status,2,c
   176  007FDC  D7F4               	goto	l21
   177                           
   178                           ;timr2.c: 85: {
   179                           ;timr2.c: 86: LATBbits.LB0=~LATBbits.LB0;
   180  007FDE  A08A               	btfss	3978,0,c	;volatile
   181  007FE0  D002               	goto	u30
   182  007FE2  0E01               	movlw	1
   183  007FE4  D001               	goto	u36
   184  007FE6                     u30:
   185  007FE6  0E00               	movlw	0
   186  007FE8                     u36:
   187  007FE8  0AFF               	xorlw	255
   188  007FEA  6E01               	movwf	??_main& (0+255),c
   189  007FEC  508A               	movf	3978,w,c	;volatile
   190  007FEE  1801               	xorwf	??_main,w,c
   191  007FF0  0BFE               	andlw	-2
   192  007FF2  1801               	xorwf	??_main,w,c
   193  007FF4  6E8A               	movwf	3978,c	;volatile
   194                           
   195                           ;timr2.c: 89: count=0;
   196  007FF6  0E00               	movlw	0
   197  007FF8  6E03               	movwf	main@count+1,c
   198  007FFA  0E00               	movlw	0
   199  007FFC  6E02               	movwf	main@count,c
   200  007FFE  D7E3               	goto	l21
   201  008000                     __end_of_main:
   202                           	opt stack 0
   203  0000                     status	equ	0xFD8
   204                           status	equ	0xFD8
   205                           
   206                           	psect	rparam
   207  0000                     status	equ	0xFD8


Data Sizes:
    Strings     0
    Constant    0
    Data        0
    BSS         0
    Persistent  0
    Stack       0

Auto Spaces:
    Space          Size  Autos    Used
    COMRAM          127      3       3
    BANK0           128      0       0
    BANK1           256      0       0
    BANK2           256      0       0
    BANK3           256      0       0
    BANK4           256      0       0
    BANK5           256      0       0

Pointer List with Targets:

    None.

Critical Paths under _main in COMRAM

    None.

Critical Paths under _main in BANK0

    None.

Critical Paths under _main in BANK1

    None.

Critical Paths under _main in BANK2

    None.

Critical Paths under _main in BANK3

    None.

Critical Paths under _main in BANK4

    None.

Critical Paths under _main in BANK5

    None.

Call Graph Tables:

 ---------------------------------------------------------------------------------
 (Depth) Function   	        Calls       Base Space   Used Autos Params    Refs
 ---------------------------------------------------------------------------------
 (0) _main                                                 3     3      0      15
                                              0 COMRAM     3     3      0
 ---------------------------------------------------------------------------------
 Estimated maximum stack depth 0
 ---------------------------------------------------------------------------------

 Call Graph Graphs:

 _main (ROOT)

 Address spaces:
Name               Size   Autos  Total    Cost      Usage
BITCOMRAM           7F      0       0       0        0.0%
EEDATA             100      0       0       0        0.0%
NULL                 0      0       0       0        0.0%
CODE                 0      0       0       0        0.0%
COMRAM              7F      3       3       1        2.4%
STACK                0      0       0       2        0.0%
DATA                 0      0       0       3        0.0%
BITBANK0            80      0       0       4        0.0%
BANK0               80      0       0       5        0.0%
BITBANK1           100      0       0       6        0.0%
BANK1              100      0       0       7        0.0%
BITBANK2           100      0       0       8        0.0%
BANK2              100      0       0       9        0.0%
BITBANK3           100      0       0      10        0.0%
BANK3              100      0       0      11        0.0%
BITBANK4           100      0       0      12        0.0%
BANK4              100      0       0      13        0.0%
BANK5              100      0       0      14        0.0%
ABS                  0      0       0      15        0.0%
BITBANK5           100      0       0      16        0.0%
BIGRAM             5FF      0       0      17        0.0%
BITSFR               0      0       0     200        0.0%
SFR                  0      0       0     200        0.0%


Microchip Technology PIC18 Macro Assembler V1.45 build -152302408 
Symbol Table                                                                                   Thu Jun 27 05:03:40 2019

                     l21 7FC6                       l22 7FD0                       u30 7FE6  
                     u36 7FE8              __CFG_BORV$3 000000             __CFG_CP0$OFF 000000  
           __CFG_CP1$OFF 000000             __CFG_CP2$OFF 000000             __CFG_CP3$OFF 000000  
            __CFG_OSC$HS 000000                      l654 7FC6             __CFG_CPB$OFF 000000  
                    _PR2 000FCB             __CFG_CPD$OFF 000000             __CFG_LVP$OFF 000000  
           __CFG_WDT$OFF 000000                     _main 7FAA                     start 0000  
          __CFG_IESO$OFF 000000            __CFG_MCLRE$ON 000000             ___param_bank 000000  
                  ?_main 0001                    _CMCON 000FB4                    _T2CON 000FCA  
                  _PORTB 000F81                    _TRISB 000F93            __CFG_PWRT$OFF 000000  
          __CFG_WRT0$OFF 000000            __CFG_WRT1$OFF 000000            __CFG_WRT2$OFF 000000  
          __CFG_WRT3$OFF 000000           __CFG_EBTR0$OFF 000000           __CFG_FCMEN$OFF 000000  
         __CFG_EBTR1$OFF 000000           __CFG_EBTR2$OFF 000000           __CFG_EBTR3$OFF 000000  
          __CFG_WRTB$OFF 000000            __CFG_WRTC$OFF 000000            __CFG_WRTD$OFF 000000  
         __CFG_EBTRB$OFF 000000                    status 000FD8           __CFG_PBADEN$ON 000000  
        __initialization 7FA4             __end_of_main 8000                   ??_main 0001  
          __activetblptr 000000                   _ADCON1 000FC1                   _TMR2IF 007CF1  
         __CFG_XINST$OFF 000000               __accesstop 0080  __end_of__initialization 7FA4  
          ___rparam_used 000001           __pcstackCOMRAM 0001                  __Hparam 0000  
                __Lparam 0000          __CFG_STVREN$OFF 000000                  __pcinit 7FA4  
                __ramtop 0600                  __ptext0 7FAA     end_of_initialization 7FA4  
    start_initialization 7FA4         __CFG_LPT1OSC$OFF 000000        __CFG_CCP2MX$PORTC 000000  
               _LATBbits 000F8A         __CFG_WDTPS$32768 000000                main@count 0002  
               __Hrparam 0000                 __Lrparam 0000       __CFG_BOREN$SBORDIS 000000  
          __size_of_main 0056  
