

Microchip Technology PIC18 LITE Macro Assembler V1.45 build -152302408 
                                                                                               Tue Jun 11 05:01:24 2019

Microchip Technology Omniscient Code Generator v1.45 (Free mode) build 201711160504
     1                           	processor	18F4520
     2                           	fnconf	rparam,??,?,0
     3                           	opt	pw 120
     4                           	opt	lm
     5                           	psect	idataCOMRAM,global,class=CODE,delta=1,noexec
     6                           	psect	cinit,global,reloc=2,class=CODE,delta=1
     7                           	psect	dataCOMRAM,global,class=COMRAM,space=1,delta=1,noexec
     8                           	psect	cstackCOMRAM,global,class=COMRAM,space=1,delta=1,noexec
     9                           	psect	text0,global,reloc=2,class=CODE,delta=1
    10                           	psect	intsave_regs,global,class=BIGRAM,space=1,delta=1,noexec
    11                           	psect	rparam,global,class=COMRAM,space=1,delta=1,noexec
    12  0000                     
    13                           ; Version 1.45
    14                           ; Generated 16/11/2017 GMT
    15                           ; 
    16                           ; Copyright © 2017, Microchip Technology Inc. and its subsidiaries ("Microchip")
    17                           ; All rights reserved.
    18                           ; 
    19                           ; This software is developed by Microchip Technology Inc. and its subsidiaries ("Microch
      +                          ip").
    20                           ; 
    21                           ; Redistribution and use in source and binary forms, with or without modification, are
    22                           ; permitted provided that the following conditions are met:
    23                           ; 
    24                           ;     1. Redistributions of source code must retain the above copyright notice, this lis
      +                          t of
    25                           ;        conditions and the following disclaimer.
    26                           ; 
    27                           ;     2. Redistributions in binary form must reproduce the above copyright notice, this 
      +                          list
    28                           ;        of conditions and the following disclaimer in the documentation and/or other
    29                           ;        materials provided with the distribution.
    30                           ; 
    31                           ;     3. Microchip's name may not be used to endorse or promote products derived from th
      +                          is
    32                           ;        software without specific prior written permission.
    33                           ; 
    34                           ; THIS SOFTWARE IS PROVIDED BY MICROCHIP "AS IS" AND ANY EXPRESS OR IMPLIED WARRANTIES,
    35                           ; INCLUDING, BUT NOT LIMITED TO, THE IMPLIED WARRANTIES OF MERCHANTABILITY AND FITNESS F
      +                          OR
    36                           ; PURPOSE ARE DISCLAIMED.  IN NO EVENT SHALL MICROCHIP BE LIABLE FOR ANY DIRECT, INDIREC
      +                          T,
    37                           ; INCIDENTAL, SPECIAL, EXEMPLARY, OR CONSEQUENTIAL DAMAGES (INCLUDING BUT NOT LIMITED TO
    38                           ; PROCUREMENT OF SUBSTITUTE GOODS OR SERVICES; LOSS OF USE, DATA OR PROFITS; OR BUSINESS
    39                           ; INTERRUPTION) HOWSOEVER CAUSED AND ON ANY THEORY OF LIABILITY, WHETHER IN CONTRACT, ST
      +                          RICT
    40                           ; LIABILITY, OR TORT (INCLUDING NEGLIGENCE OR OTHERWISE) ARISING IN ANY WAY OUT OF THE U
      +                          SE OF
    41                           ; THIS SOFTWARE, EVEN IF ADVISED OF THE POSSIBILITY OF SUCH DAMAGE.
    42                           ; 
    43                           ; 
    44                           ; Code-generator required, PIC18F4520 Definitions
    45                           ; 
    46                           ; SFR Addresses
    47  0000                     
    48                           	psect	idataCOMRAM
    49  007F70                     __pidataCOMRAM:
    50                           	opt stack 0
    51                           
    52                           ;initializer for main@F3007
    53  007F70  003F               	dw	63
    54  007F72  0006               	dw	6
    55  007F74  005B               	dw	91
    56  007F76  004F               	dw	79
    57  007F78  0066               	dw	102
    58  007F7A  006D               	dw	109
    59  007F7C  007D               	dw	125
    60  007F7E  0007               	dw	7
    61  007F80  007F               	dw	127
    62  007F82  006F               	dw	111
    63  0000                     _TRISB	set	3987
    64  0000                     _TRISC	set	3988
    65  0000                     _PORTC	set	3970
    66  0000                     _PORTB	set	3969
    67  0000                     _RB0	set	31752
    68                           
    69                           ; #config settings
    70                           
    71                           	psect	cinit
    72  007F84                     __pcinit:
    73                           	opt stack 0
    74  007F84                     start_initialization:
    75                           	opt stack 0
    76  007F84                     __initialization:
    77                           	opt stack 0
    78                           
    79                           ; Initialize objects allocated to COMRAM (20 bytes)
    80                           ; load TBLPTR registers with __pidataCOMRAM
    81  007F84  0E70               	movlw	low __pidataCOMRAM
    82  007F86  6EF6               	movwf	tblptrl,c
    83  007F88  0E7F               	movlw	high __pidataCOMRAM
    84  007F8A  6EF7               	movwf	tblptrh,c
    85  007F8C  0E00               	movlw	low (__pidataCOMRAM shr (0+16))
    86  007F8E  6EF8               	movwf	tblptru,c
    87  007F90  EE00  F019         	lfsr	0,__pdataCOMRAM
    88  007F94  EE10 F014          	lfsr	1,20
    89  007F98                     copy_data0:
    90  007F98  0009               	tblrd		*+
    91  007F9A  CFF5 FFEE          	movff	tablat,postinc0
    92  007F9E  50E5               	movf	postdec1,w,c
    93  007FA0  50E1               	movf	fsr1l,w,c
    94  007FA2  E1FA               	bnz	copy_data0
    95  007FA4                     end_of_initialization:
    96                           	opt stack 0
    97  007FA4                     __end_of__initialization:
    98                           	opt stack 0
    99  007FA4  0100               	movlb	0
   100  007FA6  EFD5  F03F         	goto	_main	;jump to C main() function
   101                           tblptru	equ	0xFF8
   102                           tblptrh	equ	0xFF7
   103                           tblptrl	equ	0xFF6
   104                           tablat	equ	0xFF5
   105                           postinc0	equ	0xFEE
   106                           postdec1	equ	0xFE5
   107                           fsr1l	equ	0xFE1
   108                           
   109                           	psect	dataCOMRAM
   110  000019                     __pdataCOMRAM:
   111                           	opt stack 0
   112  000019                     main@F3007:
   113                           	opt stack 0
   114  000019                     	ds	20
   115                           tblptru	equ	0xFF8
   116                           tblptrh	equ	0xFF7
   117                           tblptrl	equ	0xFF6
   118                           tablat	equ	0xFF5
   119                           postinc0	equ	0xFEE
   120                           postdec1	equ	0xFE5
   121                           fsr1l	equ	0xFE1
   122                           
   123                           	psect	cstackCOMRAM
   124  000001                     __pcstackCOMRAM:
   125                           	opt stack 0
   126  000001                     main@arr:
   127                           	opt stack 0
   128                           
   129                           ; 20 bytes @ 0x0
   130  000001                     	ds	20
   131  000015                     main@j:
   132                           	opt stack 0
   133                           
   134                           ; 2 bytes @ 0x14
   135  000015                     	ds	2
   136  000017                     main@i:
   137                           	opt stack 0
   138                           
   139                           ; 2 bytes @ 0x16
   140  000017                     	ds	2
   141                           tblptru	equ	0xFF8
   142                           tblptrh	equ	0xFF7
   143                           tblptrl	equ	0xFF6
   144                           tablat	equ	0xFF5
   145                           postinc0	equ	0xFEE
   146                           postdec1	equ	0xFE5
   147                           fsr1l	equ	0xFE1
   148                           
   149 ;;
   150 ;;Main: autosize = 0, tempsize = 0, incstack = 0, save=0
   151 ;;
   152 ;; *************** function _main *****************
   153 ;; Defined at:
   154 ;;		line 3 in file "segy.c"
   155 ;; Parameters:    Size  Location     Type
   156 ;;		None
   157 ;; Auto vars:     Size  Location     Type
   158 ;;  arr            20    0[COMRAM] int [10]
   159 ;;  i               2   22[COMRAM] int 
   160 ;;  j               2   20[COMRAM] int 
   161 ;; Return value:  Size  Location     Type
   162 ;;                  1    wreg      void 
   163 ;; Registers used:
   164 ;;		wreg, fsr1l, fsr1h, fsr2l, fsr2h, status,2, status,0
   165 ;; Tracked objects:
   166 ;;		On entry : 0/0
   167 ;;		On exit  : 0/0
   168 ;;		Unchanged: 0/0
   169 ;; Data sizes:     COMRAM   BANK0   BANK1   BANK2   BANK3   BANK4   BANK5
   170 ;;      Params:         0       0       0       0       0       0       0
   171 ;;      Locals:        24       0       0       0       0       0       0
   172 ;;      Temps:          0       0       0       0       0       0       0
   173 ;;      Totals:        24       0       0       0       0       0       0
   174 ;;Total ram usage:       24 bytes
   175 ;; This function calls:
   176 ;;		Nothing
   177 ;; This function is called by:
   178 ;;		Startup code after reset
   179 ;; This function uses a non-reentrant model
   180 ;;
   181                           
   182                           	psect	text0
   183  007FAA                     __ptext0:
   184                           	opt stack 0
   185  007FAA                     _main:
   186                           	opt stack 31
   187                           
   188                           ;segy.c: 5: PORTB=0X00;
   189                           
   190                           ;incstack = 0
   191  007FAA  0E00               	movlw	0
   192  007FAC  6E81               	movwf	3969,c	;volatile
   193                           
   194                           ;segy.c: 6: PORTC=0X00;
   195  007FAE  0E00               	movlw	0
   196  007FB0  6E82               	movwf	3970,c	;volatile
   197                           
   198                           ;segy.c: 7: TRISC=0X00;
   199  007FB2  0E00               	movlw	0
   200  007FB4  6E94               	movwf	3988,c	;volatile
   201                           
   202                           ;segy.c: 8: TRISB=0X03;
   203  007FB6  0E03               	movlw	3
   204  007FB8  6E93               	movwf	3987,c	;volatile
   205                           
   206                           ;segy.c: 9: int i=0,j=0;
   207  007FBA  0E00               	movlw	0
   208  007FBC  6E18               	movwf	main@i+1,c
   209  007FBE  0E00               	movlw	0
   210  007FC0  6E17               	movwf	main@i,c
   211  007FC2  0E00               	movlw	0
   212  007FC4  6E16               	movwf	main@j+1,c
   213  007FC6  0E00               	movlw	0
   214  007FC8  6E15               	movwf	main@j,c
   215                           
   216                           ;segy.c: 11: int arr[]={0X3F,0x06,0x5b,0x4f,0x66,0x6d,0x7d,0x07,0x7f,0x6f};
   217  007FCA  EE20  F019         	lfsr	2,main@F3007
   218  007FCE  EE10  F001         	lfsr	1,main@arr
   219  007FD2  0E13               	movlw	19
   220  007FD4                     u41:
   221  007FD4  CFDB FFE3          	movff	plusw2,plusw1
   222  007FD8  06E8               	decf	wreg,f,c
   223  007FDA  E2FC               	bc	u41
   224  007FDC                     
   225                           ;segy.c: 13: {
   226                           ;segy.c: 15: if(RB0==1)
   227  007FDC  A081               	btfss	3969,0,c	;volatile
   228  007FDE  D7FE               	goto	l17
   229  007FE0                     u50:
   230                           
   231                           ;segy.c: 16: {
   232                           ;segy.c: 17: while(RB0==1);
   233  007FE0  B081               	btfsc	3969,0,c	;volatile
   234  007FE2  D7FE               	goto	u50
   235                           
   236                           ;segy.c: 19: PORTC=arr[i];
   237  007FE4  90D8               	bcf	status,0,c
   238  007FE6  3417               	rlcf	main@i,w,c
   239  007FE8  6ED9               	movwf	fsr2l,c
   240  007FEA  3418               	rlcf	main@i+1,w,c
   241  007FEC  6EDA               	movwf	fsr2h,c
   242  007FEE  0E01               	movlw	low main@arr
   243  007FF0  26D9               	addwf	fsr2l,f,c
   244  007FF2  0E00               	movlw	high main@arr
   245  007FF4  22DA               	addwfc	fsr2h,f,c
   246  007FF6  50DF               	movf	indf2,w,c
   247  007FF8  6E82               	movwf	3970,c	;volatile
   248                           
   249                           ;segy.c: 20: i++;
   250  007FFA  4A17               	infsnz	main@i,f,c
   251  007FFC  2A18               	incf	main@i+1,f,c
   252  007FFE  D7EE               	goto	l17
   253  008000                     __end_of_main:
   254                           	opt stack 0
   255  0000                     tblptru	equ	0xFF8
   256                           tblptrh	equ	0xFF7
   257                           tblptrl	equ	0xFF6
   258                           tablat	equ	0xFF5
   259                           postinc0	equ	0xFEE
   260                           wreg	equ	0xFE8
   261                           postdec1	equ	0xFE5
   262                           plusw1	equ	0xFE3
   263                           fsr1l	equ	0xFE1
   264                           indf2	equ	0xFDF
   265                           plusw2	equ	0xFDB
   266                           fsr2h	equ	0xFDA
   267                           fsr2l	equ	0xFD9
   268                           status	equ	0xFD8
   269                           tblptru	equ	0xFF8
   270                           tblptrh	equ	0xFF7
   271                           tblptrl	equ	0xFF6
   272                           tablat	equ	0xFF5
   273                           postinc0	equ	0xFEE
   274                           wreg	equ	0xFE8
   275                           postdec1	equ	0xFE5
   276                           plusw1	equ	0xFE3
   277                           fsr1l	equ	0xFE1
   278                           indf2	equ	0xFDF
   279                           plusw2	equ	0xFDB
   280                           fsr2h	equ	0xFDA
   281                           fsr2l	equ	0xFD9
   282                           status	equ	0xFD8
   283                           
   284                           	psect	rparam
   285  0000                     tblptru	equ	0xFF8
   286                           tblptrh	equ	0xFF7
   287                           tblptrl	equ	0xFF6
   288                           tablat	equ	0xFF5
   289                           postinc0	equ	0xFEE
   290                           wreg	equ	0xFE8
   291                           postdec1	equ	0xFE5
   292                           plusw1	equ	0xFE3
   293                           fsr1l	equ	0xFE1
   294                           indf2	equ	0xFDF
   295                           plusw2	equ	0xFDB
   296                           fsr2h	equ	0xFDA
   297                           fsr2l	equ	0xFD9
   298                           status	equ	0xFD8


Data Sizes:
    Strings     0
    Constant    0
    Data        20
    BSS         0
    Persistent  0
    Stack       0

Auto Spaces:
    Space          Size  Autos    Used
    COMRAM          127     24      44
    BANK0           128      0       0
    BANK1           256      0       0
    BANK2           256      0       0
    BANK3           256      0       0
    BANK4           256      0       0
    BANK5           256      0       0

Pointer List with Targets:

    None.

Critical Paths under _main in COMRAM

    None.

Critical Paths under _main in BANK0

    None.

Critical Paths under _main in BANK1

    None.

Critical Paths under _main in BANK2

    None.

Critical Paths under _main in BANK3

    None.

Critical Paths under _main in BANK4

    None.

Critical Paths under _main in BANK5

    None.

Call Graph Tables:

 ---------------------------------------------------------------------------------
 (Depth) Function   	        Calls       Base Space   Used Autos Params    Refs
 ---------------------------------------------------------------------------------
 (0) _main                                                24    24      0      49
                                              0 COMRAM    24    24      0
 ---------------------------------------------------------------------------------
 Estimated maximum stack depth 0
 ---------------------------------------------------------------------------------

 Call Graph Graphs:

 _main (ROOT)

 Address spaces:
Name               Size   Autos  Total    Cost      Usage
BIGRAM             5FF      0       0      17        0.0%
EEDATA             100      0       0       0        0.0%
BITBANK5           100      0       0      16        0.0%
BANK5              100      0       0      14        0.0%
BITBANK4           100      0       0      12        0.0%
BANK4              100      0       0      13        0.0%
BITBANK3           100      0       0      10        0.0%
BANK3              100      0       0      11        0.0%
BITBANK2           100      0       0       8        0.0%
BANK2              100      0       0       9        0.0%
BITBANK1           100      0       0       6        0.0%
BANK1              100      0       0       7        0.0%
BITBANK0            80      0       0       4        0.0%
BANK0               80      0       0       5        0.0%
BITCOMRAM           7F      0       0       0        0.0%
COMRAM              7F     18      2C       1       34.6%
BITSFR               0      0       0     200        0.0%
SFR                  0      0       0     200        0.0%
STACK                0      0       0       2        0.0%
NULL                 0      0       0       0        0.0%
ABS                  0      0      2C      15        0.0%
DATA                 0      0      2C       3        0.0%
CODE                 0      0       0       0        0.0%


Microchip Technology PIC18 Macro Assembler V1.45 build -152302408 
Symbol Table                                                                                   Tue Jun 11 05:01:24 2019

                     l17 7FDC                       u41 7FD4                       u50 7FE0  
                    _RB0 007C08                      wreg 000FE8                     _main 7FAA  
                   fsr2h 000FDA                     indf2 000FDF                     fsr1l 000FE1  
                   fsr2l 000FD9                     start 0000             ___param_bank 000000  
                  ?_main 0001                    _PORTB 000F81                    _PORTC 000F82  
                  _TRISB 000F93                    _TRISC 000F94                    main@i 0017  
                  main@j 0015                    tablat 000FF5                    plusw1 000FE3  
                  plusw2 000FDB                    status 000FD8          __initialization 7F84  
           __end_of_main 8000                   ??_main 0001            __activetblptr 000000  
           __pdataCOMRAM 0019                   tblptrh 000FF7                   tblptrl 000FF6  
                 tblptru 000FF8               __accesstop 0080  __end_of__initialization 7FA4  
          ___rparam_used 000001           __pcstackCOMRAM 0001                  __Hparam 0000  
                __Lparam 0000                  __pcinit 7F84                  __ramtop 0600  
                __ptext0 7FAA                  main@arr 0001     end_of_initialization 7FA4  
                postdec1 000FE5                  postinc0 000FEE            __pidataCOMRAM 7F70  
    start_initialization 7F84                main@F3007 0019                copy_data0 7F98  
               __Hrparam 0000                 __Lrparam 0000            __size_of_main 0056  
