

Microchip Technology PIC18 LITE Macro Assembler V1.45 build -152302408 
                                                                                               Fri Jun 21 03:50:41 2019

Microchip Technology Omniscient Code Generator v1.45 (Free mode) build 201711160504
     1                           	processor	18F4520
     2                           	fnconf	rparam,??,?,0
     3                           	opt	pw 120
     4                           	opt	lm
     5                           	psect	cinit,global,reloc=2,class=CODE,delta=1
     6                           	psect	bssCOMRAM,global,class=COMRAM,space=1,delta=1,noexec
     7                           	psect	cstackCOMRAM,global,class=COMRAM,space=1,delta=1,noexec
     8                           	psect	text0,global,reloc=2,class=CODE,delta=1
     9                           	psect	intcode,global,reloc=2,class=CODE,delta=1
    10                           	psect	intcode_body,global,reloc=2,class=CODE,delta=1
    11                           	psect	intsave_regs,global,class=BIGRAM,space=1,delta=1,noexec
    12                           	psect	rparam,global,class=COMRAM,space=1,delta=1,noexec
    13                           	psect	temp,global,ovrld,common,class=COMRAM,space=1,delta=1
    14  0000                     
    15                           ; Version 1.45
    16                           ; Generated 16/11/2017 GMT
    17                           ; 
    18                           ; Copyright © 2017, Microchip Technology Inc. and its subsidiaries ("Microchip")
    19                           ; All rights reserved.
    20                           ; 
    21                           ; This software is developed by Microchip Technology Inc. and its subsidiaries ("Microch
      +                          ip").
    22                           ; 
    23                           ; Redistribution and use in source and binary forms, with or without modification, are
    24                           ; permitted provided that the following conditions are met:
    25                           ; 
    26                           ;     1. Redistributions of source code must retain the above copyright notice, this lis
      +                          t of
    27                           ;        conditions and the following disclaimer.
    28                           ; 
    29                           ;     2. Redistributions in binary form must reproduce the above copyright notice, this 
      +                          list
    30                           ;        of conditions and the following disclaimer in the documentation and/or other
    31                           ;        materials provided with the distribution.
    32                           ; 
    33                           ;     3. Microchip's name may not be used to endorse or promote products derived from th
      +                          is
    34                           ;        software without specific prior written permission.
    35                           ; 
    36                           ; THIS SOFTWARE IS PROVIDED BY MICROCHIP "AS IS" AND ANY EXPRESS OR IMPLIED WARRANTIES,
    37                           ; INCLUDING, BUT NOT LIMITED TO, THE IMPLIED WARRANTIES OF MERCHANTABILITY AND FITNESS F
      +                          OR
    38                           ; PURPOSE ARE DISCLAIMED.  IN NO EVENT SHALL MICROCHIP BE LIABLE FOR ANY DIRECT, INDIREC
      +                          T,
    39                           ; INCIDENTAL, SPECIAL, EXEMPLARY, OR CONSEQUENTIAL DAMAGES (INCLUDING BUT NOT LIMITED TO
    40                           ; PROCUREMENT OF SUBSTITUTE GOODS OR SERVICES; LOSS OF USE, DATA OR PROFITS; OR BUSINESS
    41                           ; INTERRUPTION) HOWSOEVER CAUSED AND ON ANY THEORY OF LIABILITY, WHETHER IN CONTRACT, ST
      +                          RICT
    42                           ; LIABILITY, OR TORT (INCLUDING NEGLIGENCE OR OTHERWISE) ARISING IN ANY WAY OUT OF THE U
      +                          SE OF
    43                           ; THIS SOFTWARE, EVEN IF ADVISED OF THE POSSIBILITY OF SUCH DAMAGE.
    44                           ; 
    45                           ; 
    46                           ; Code-generator required, PIC18F4520 Definitions
    47                           ; 
    48                           ; SFR Addresses
    49  0000                     _LATBbits	set	3978
    50  0000                     _CMCON	set	4020
    51  0000                     _ADCON1	set	4033
    52  0000                     _T0CON	set	4053
    53  0000                     _INTCON	set	4082
    54  0000                     _TRISB	set	3987
    55  0000                     _PORTB	set	3969
    56  0000                     _TMR0IF	set	32658
    57                           
    58                           ; #config settings
    59                           
    60                           	psect	cinit
    61  000136                     __pcinit:
    62                           	opt stack 0
    63  000136                     start_initialization:
    64                           	opt stack 0
    65  000136                     __initialization:
    66                           	opt stack 0
    67                           
    68                           ; Clear objects allocated to COMRAM (4 bytes)
    69  000136  6A17               	clrf	(__pbssCOMRAM+3)& (0+255),c
    70  000138  6A16               	clrf	(__pbssCOMRAM+2)& (0+255),c
    71  00013A  6A15               	clrf	(__pbssCOMRAM+1)& (0+255),c
    72  00013C  6A14               	clrf	__pbssCOMRAM& (0+255),c
    73  00013E                     end_of_initialization:
    74                           	opt stack 0
    75  00013E                     __end_of__initialization:
    76                           	opt stack 0
    77  00013E  9018               	bcf	int$flags,0,c	;clear compiler interrupt flag (level 1)
    78  000140  9218               	bcf	int$flags,1,c	;clear compiler interrupt flag (level 2)
    79  000142  0100               	movlb	0
    80  000144  EF5B  F000         	goto	_main	;jump to C main() function
    81                           
    82                           	psect	bssCOMRAM
    83  000014                     __pbssCOMRAM:
    84                           	opt stack 0
    85  000014                     _count1:
    86                           	opt stack 0
    87  000014                     	ds	2
    88  000016                     _count:
    89                           	opt stack 0
    90  000016                     	ds	2
    91                           
    92                           	psect	cstackCOMRAM
    93  000001                     __pcstackCOMRAM:
    94                           	opt stack 0
    95  000001                     ??_isr:
    96                           
    97                           ; 1 bytes @ 0x0
    98  000001                     	ds	18
    99  000013                     ??_main:
   100                           
   101                           ; 1 bytes @ 0x12
   102  000013                     	ds	1
   103                           
   104 ;;
   105 ;;Main: autosize = 0, tempsize = 1, incstack = 0, save=0
   106 ;;
   107 ;; *************** function _main *****************
   108 ;; Defined at:
   109 ;;		line 4 in file "inter.c"
   110 ;; Parameters:    Size  Location     Type
   111 ;;		None
   112 ;; Auto vars:     Size  Location     Type
   113 ;;		None
   114 ;; Return value:  Size  Location     Type
   115 ;;                  1    wreg      void 
   116 ;; Registers used:
   117 ;;		wreg, status,2, status,0
   118 ;; Tracked objects:
   119 ;;		On entry : 0/0
   120 ;;		On exit  : 0/0
   121 ;;		Unchanged: 0/0
   122 ;; Data sizes:     COMRAM   BANK0   BANK1   BANK2   BANK3   BANK4   BANK5
   123 ;;      Params:         0       0       0       0       0       0       0
   124 ;;      Locals:         0       0       0       0       0       0       0
   125 ;;      Temps:          1       0       0       0       0       0       0
   126 ;;      Totals:         1       0       0       0       0       0       0
   127 ;;Total ram usage:        1 bytes
   128 ;; Hardware stack levels required when called:    1
   129 ;; This function calls:
   130 ;;		Nothing
   131 ;; This function is called by:
   132 ;;		Startup code after reset
   133 ;; This function uses a non-reentrant model
   134 ;;
   135                           
   136                           	psect	text0
   137  0000B6                     __ptext0:
   138                           	opt stack 0
   139  0000B6                     _main:
   140                           	opt stack 30
   141                           
   142                           ;inter.c: 6: PORTB=0X00;
   143                           
   144                           ;incstack = 0
   145  0000B6  0E00               	movlw	0
   146  0000B8  6E81               	movwf	3969,c	;volatile
   147                           
   148                           ;inter.c: 7: TRISB=0X00;
   149  0000BA  0E00               	movlw	0
   150  0000BC  6E93               	movwf	3987,c	;volatile
   151                           
   152                           ;inter.c: 8: INTCON=0XE0;
   153  0000BE  0EE0               	movlw	224
   154  0000C0  6EF2               	movwf	intcon,c	;volatile
   155                           
   156                           ;inter.c: 9: T0CON=0X40;
   157  0000C2  0E40               	movlw	64
   158  0000C4  6ED5               	movwf	4053,c	;volatile
   159                           
   160                           ;inter.c: 10: T0CON=0Xc0;
   161  0000C6  0EC0               	movlw	192
   162  0000C8  6ED5               	movwf	4053,c	;volatile
   163                           
   164                           ;inter.c: 11: ADCON1=0X0f;
   165  0000CA  0E0F               	movlw	15
   166  0000CC  6EC1               	movwf	4033,c	;volatile
   167                           
   168                           ;inter.c: 12: CMCON=0X07;
   169  0000CE  0E07               	movlw	7
   170  0000D0  6EB4               	movwf	4020,c	;volatile
   171                           
   172                           ;inter.c: 14: LATBbits.LB0=0;
   173  0000D2  908A               	bcf	3978,0,c	;volatile
   174                           
   175                           ;inter.c: 15: LATBbits.LB1=0;
   176  0000D4  928A               	bcf	3978,1,c	;volatile
   177  0000D6                     l664:
   178                           
   179                           ;inter.c: 17: {
   180                           ;inter.c: 19: if(count==7918)
   181  0000D6  0EEE               	movlw	238
   182  0000D8  1816               	xorwf	_count,w,c
   183  0000DA  E114               	bnz	l670
   184  0000DC  0E1E               	movlw	30
   185  0000DE  1817               	xorwf	_count+1,w,c
   186  0000E0  A4D8               	btfss	status,2,c
   187  0000E2  D010               	goto	l26
   188                           
   189                           ;inter.c: 20: {
   190                           ;inter.c: 21: LATBbits.LB0=~LATBbits.LB0;
   191  0000E4  A08A               	btfss	3978,0,c	;volatile
   192  0000E6  D002               	goto	u20
   193  0000E8  0E01               	movlw	1
   194  0000EA  D001               	goto	u26
   195  0000EC                     u20:
   196  0000EC  0E00               	movlw	0
   197  0000EE                     u26:
   198  0000EE  0AFF               	xorlw	255
   199  0000F0  6E13               	movwf	??_main& (0+255),c
   200  0000F2  508A               	movf	3978,w,c	;volatile
   201  0000F4  1813               	xorwf	??_main,w,c
   202  0000F6  0BFE               	andlw	-2
   203  0000F8  1813               	xorwf	??_main,w,c
   204  0000FA  6E8A               	movwf	3978,c	;volatile
   205                           
   206                           ;inter.c: 24: count=0;
   207  0000FC  0E00               	movlw	0
   208  0000FE  6E17               	movwf	_count+1,c
   209  000100  0E00               	movlw	0
   210  000102  6E16               	movwf	_count,c
   211  000104                     l26:
   212  000104                     l670:
   213                           
   214                           ;inter.c: 25: }
   215                           ;inter.c: 26: if(count1==15836)
   216  000104  0EDC               	movlw	220
   217  000106  1814               	xorwf	_count1,w,c
   218  000108  E1E6               	bnz	l664
   219  00010A  0E3D               	movlw	61
   220  00010C  1815               	xorwf	_count1+1,w,c
   221  00010E  A4D8               	btfss	status,2,c
   222  000110  D7E2               	goto	l25
   223                           
   224                           ;inter.c: 27: {
   225                           ;inter.c: 28: LATBbits.LB1=~LATBbits.LB1;
   226  000112  A28A               	btfss	3978,1,c	;volatile
   227  000114  D002               	goto	u40
   228  000116  0E01               	movlw	1
   229  000118  D001               	goto	u46
   230  00011A                     u40:
   231  00011A  0E00               	movlw	0
   232  00011C                     u46:
   233  00011C  0AFF               	xorlw	255
   234  00011E  6E13               	movwf	??_main& (0+255),c
   235  000120  4613               	rlncf	??_main,f,c
   236  000122  508A               	movf	3978,w,c	;volatile
   237  000124  1813               	xorwf	??_main,w,c
   238  000126  0BFD               	andlw	-3
   239  000128  1813               	xorwf	??_main,w,c
   240  00012A  6E8A               	movwf	3978,c	;volatile
   241                           
   242                           ;inter.c: 31: count1=0;
   243  00012C  0E00               	movlw	0
   244  00012E  6E15               	movwf	_count1+1,c
   245  000130  0E00               	movlw	0
   246  000132  6E14               	movwf	_count1,c
   247  000134  D7D0               	goto	l25
   248  000136                     __end_of_main:
   249                           	opt stack 0
   250                           intcon	equ	0xFF2
   251                           status	equ	0xFD8
   252                           
   253 ;; *************** function _isr *****************
   254 ;; Defined at:
   255 ;;		line 35 in file "inter.c"
   256 ;; Parameters:    Size  Location     Type
   257 ;;		None
   258 ;; Auto vars:     Size  Location     Type
   259 ;;		None
   260 ;; Return value:  Size  Location     Type
   261 ;;                  1    wreg      void 
   262 ;; Registers used:
   263 ;;		status,2, status,0
   264 ;; Tracked objects:
   265 ;;		On entry : 0/0
   266 ;;		On exit  : 0/0
   267 ;;		Unchanged: 0/0
   268 ;; Data sizes:     COMRAM   BANK0   BANK1   BANK2   BANK3   BANK4   BANK5
   269 ;;      Params:         0       0       0       0       0       0       0
   270 ;;      Locals:         0       0       0       0       0       0       0
   271 ;;      Temps:         18       0       0       0       0       0       0
   272 ;;      Totals:        18       0       0       0       0       0       0
   273 ;;Total ram usage:       18 bytes
   274 ;; Hardware stack levels used:    1
   275 ;; This function calls:
   276 ;;		Nothing
   277 ;; This function is called by:
   278 ;;		Interrupt level 2
   279 ;; This function uses a non-reentrant model
   280 ;;
   281                           
   282                           	psect	intcode
   283  000008                     __pintcode:
   284                           	opt stack 0
   285  000008                     _isr:
   286                           	opt stack 30
   287                           
   288                           ;incstack = 0
   289  000008  8218               	bsf	btemp,1,c	;set compiler interrupt flag (level 2)
   290  00000A  ED09  F000         	call	int_func,f	;refresh shadow registers
   291                           intcon	equ	0xFF2
   292                           status	equ	0xFD8
   293                           
   294                           	psect	intcode_body
   295  000012                     __pintcode_body:
   296                           	opt stack 30
   297  000012                     int_func:
   298                           	opt stack 30
   299  000012  0006               	pop		; remove dummy address from shadow register refresh
   300  000014  CFFA F001          	movff	pclath,??_isr
   301  000018  CFFB F002          	movff	pclatu,??_isr+1
   302  00001C  CFE9 F003          	movff	fsr0l,??_isr+2
   303  000020  CFEA F004          	movff	fsr0h,??_isr+3
   304  000024  CFE1 F005          	movff	fsr1l,??_isr+4
   305  000028  CFE2 F006          	movff	fsr1h,??_isr+5
   306  00002C  CFD9 F007          	movff	fsr2l,??_isr+6
   307  000030  CFDA F008          	movff	fsr2h,??_isr+7
   308  000034  CFF3 F009          	movff	prodl,??_isr+8
   309  000038  CFF4 F00A          	movff	prodh,??_isr+9
   310  00003C  CFF6 F00B          	movff	tblptrl,??_isr+10
   311  000040  CFF7 F00C          	movff	tblptrh,??_isr+11
   312  000044  CFF8 F00D          	movff	tblptru,??_isr+12
   313  000048  CFF5 F00E          	movff	tablat,??_isr+13
   314  00004C  C018  F00F         	movff	btemp,??_isr+14
   315  000050  C019  F010         	movff	btemp+1,??_isr+15
   316  000054  C01A  F011         	movff	btemp+2,??_isr+16
   317  000058  C01B  F012         	movff	btemp+3,??_isr+17
   318                           
   319                           ;inter.c: 37: if(TMR0IF==1)
   320  00005C  A4F2               	btfss	intcon,2,c	;volatile
   321  00005E  D005               	goto	i2l35
   322                           
   323                           ;inter.c: 38: {
   324                           ;inter.c: 39: count++;
   325  000060  4A16               	infsnz	_count,f,c
   326  000062  2A17               	incf	_count+1,f,c
   327                           
   328                           ;inter.c: 40: count1++;
   329  000064  4A14               	infsnz	_count1,f,c
   330  000066  2A15               	incf	_count1+1,f,c
   331                           
   332                           ;inter.c: 41: TMR0IF=0;
   333  000068  94F2               	bcf	intcon,2,c	;volatile
   334  00006A                     i2l35:
   335  00006A  C012  F01B         	movff	??_isr+17,btemp+3
   336  00006E  C011  F01A         	movff	??_isr+16,btemp+2
   337  000072  C010  F019         	movff	??_isr+15,btemp+1
   338  000076  C00F  F018         	movff	??_isr+14,btemp
   339  00007A  C00E  FFF5         	movff	??_isr+13,tablat
   340  00007E  C00D  FFF8         	movff	??_isr+12,tblptru
   341  000082  C00C  FFF7         	movff	??_isr+11,tblptrh
   342  000086  C00B  FFF6         	movff	??_isr+10,tblptrl
   343  00008A  C00A  FFF4         	movff	??_isr+9,prodh
   344  00008E  C009  FFF3         	movff	??_isr+8,prodl
   345  000092  C008  FFDA         	movff	??_isr+7,fsr2h
   346  000096  C007  FFD9         	movff	??_isr+6,fsr2l
   347  00009A  C006  FFE2         	movff	??_isr+5,fsr1h
   348  00009E  C005  FFE1         	movff	??_isr+4,fsr1l
   349  0000A2  C004  FFEA         	movff	??_isr+3,fsr0h
   350  0000A6  C003  FFE9         	movff	??_isr+2,fsr0l
   351  0000AA  C002  FFFB         	movff	??_isr+1,pclatu
   352  0000AE  C001  FFFA         	movff	??_isr,pclath
   353  0000B2  9218               	bcf	btemp,1,c	;clear compiler interrupt flag (level 2)
   354  0000B4  0011               	retfie		f
   355  0000B6                     __end_of_isr:
   356                           	opt stack 0
   357  0000                     pclatu	equ	0xFFB
   358                           pclath	equ	0xFFA
   359                           tblptru	equ	0xFF8
   360                           tblptrh	equ	0xFF7
   361                           tblptrl	equ	0xFF6
   362                           tablat	equ	0xFF5
   363                           prodh	equ	0xFF4
   364                           prodl	equ	0xFF3
   365                           intcon	equ	0xFF2
   366                           fsr0h	equ	0xFEA
   367                           fsr0l	equ	0xFE9
   368                           fsr1h	equ	0xFE2
   369                           fsr1l	equ	0xFE1
   370                           fsr2h	equ	0xFDA
   371                           fsr2l	equ	0xFD9
   372                           status	equ	0xFD8
   373                           pclatu	equ	0xFFB
   374                           pclath	equ	0xFFA
   375                           tblptru	equ	0xFF8
   376                           tblptrh	equ	0xFF7
   377                           tblptrl	equ	0xFF6
   378                           tablat	equ	0xFF5
   379                           prodh	equ	0xFF4
   380                           prodl	equ	0xFF3
   381                           intcon	equ	0xFF2
   382                           fsr0h	equ	0xFEA
   383                           fsr0l	equ	0xFE9
   384                           fsr1h	equ	0xFE2
   385                           fsr1l	equ	0xFE1
   386                           fsr2h	equ	0xFDA
   387                           fsr2l	equ	0xFD9
   388                           status	equ	0xFD8
   389                           
   390                           	psect	rparam
   391  0000                     pclatu	equ	0xFFB
   392                           pclath	equ	0xFFA
   393                           tblptru	equ	0xFF8
   394                           tblptrh	equ	0xFF7
   395                           tblptrl	equ	0xFF6
   396                           tablat	equ	0xFF5
   397                           prodh	equ	0xFF4
   398                           prodl	equ	0xFF3
   399                           intcon	equ	0xFF2
   400                           fsr0h	equ	0xFEA
   401                           fsr0l	equ	0xFE9
   402                           fsr1h	equ	0xFE2
   403                           fsr1l	equ	0xFE1
   404                           fsr2h	equ	0xFDA
   405                           fsr2l	equ	0xFD9
   406                           status	equ	0xFD8
   407                           
   408                           	psect	temp
   409  000018                     btemp:
   410                           	opt stack 0
   411  000018                     	ds	1
   412  0000                     int$flags	set	btemp
   413  0000                     wtemp6	set	btemp+1
   414                           pclatu	equ	0xFFB
   415                           pclath	equ	0xFFA
   416                           tblptru	equ	0xFF8
   417                           tblptrh	equ	0xFF7
   418                           tblptrl	equ	0xFF6
   419                           tablat	equ	0xFF5
   420                           prodh	equ	0xFF4
   421                           prodl	equ	0xFF3
   422                           intcon	equ	0xFF2
   423                           fsr0h	equ	0xFEA
   424                           fsr0l	equ	0xFE9
   425                           fsr1h	equ	0xFE2
   426                           fsr1l	equ	0xFE1
   427                           fsr2h	equ	0xFDA
   428                           fsr2l	equ	0xFD9
   429                           status	equ	0xFD8


Data Sizes:
    Strings     0
    Constant    0
    Data        0
    BSS         4
    Persistent  0
    Stack       0

Auto Spaces:
    Space          Size  Autos    Used
    COMRAM          126     19      23
    BANK0           128      0       0
    BANK1           256      0       0
    BANK2           256      0       0
    BANK3           256      0       0
    BANK4           256      0       0
    BANK5           256      0       0

Pointer List with Targets:

    None.

Critical Paths under _main in COMRAM

    None.

Critical Paths under _isr in COMRAM

    None.

Critical Paths under _main in BANK0

    None.

Critical Paths under _isr in BANK0

    None.

Critical Paths under _main in BANK1

    None.

Critical Paths under _isr in BANK1

    None.

Critical Paths under _main in BANK2

    None.

Critical Paths under _isr in BANK2

    None.

Critical Paths under _main in BANK3

    None.

Critical Paths under _isr in BANK3

    None.

Critical Paths under _main in BANK4

    None.

Critical Paths under _isr in BANK4

    None.

Critical Paths under _main in BANK5

    None.

Critical Paths under _isr in BANK5

    None.

Call Graph Tables:

 ---------------------------------------------------------------------------------
 (Depth) Function   	        Calls       Base Space   Used Autos Params    Refs
 ---------------------------------------------------------------------------------
 (0) _main                                                 1     1      0       0
                                             18 COMRAM     1     1      0
 ---------------------------------------------------------------------------------
 Estimated maximum stack depth 0
 ---------------------------------------------------------------------------------
 (Depth) Function   	        Calls       Base Space   Used Autos Params    Refs
 ---------------------------------------------------------------------------------
 (1) _isr                                                 18    18      0       0
                                              0 COMRAM    18    18      0
 ---------------------------------------------------------------------------------
 Estimated maximum stack depth 1
 ---------------------------------------------------------------------------------

 Call Graph Graphs:

 _main (ROOT)

 _isr (ROOT)

 Address spaces:
Name               Size   Autos  Total    Cost      Usage
BIGRAM             5FF      0       0      17        0.0%
EEDATA             100      0       0       0        0.0%
BITBANK5           100      0       0      16        0.0%
BANK5              100      0       0      14        0.0%
BITBANK4           100      0       0      12        0.0%
BANK4              100      0       0      13        0.0%
BITBANK3           100      0       0      10        0.0%
BANK3              100      0       0      11        0.0%
BITBANK2           100      0       0       8        0.0%
BANK2              100      0       0       9        0.0%
BITBANK1           100      0       0       6        0.0%
BANK1              100      0       0       7        0.0%
BITBANK0            80      0       0       4        0.0%
BANK0               80      0       0       5        0.0%
BITCOMRAM           7E      0       0       0        0.0%
COMRAM              7E     13      17       1       18.3%
BITSFR               0      0       0     200        0.0%
SFR                  0      0       0     200        0.0%
STACK                0      0       0       2        0.0%
NULL                 0      0       0       0        0.0%
ABS                  0      0      17      15        0.0%
DATA                 0      0      17       3        0.0%
CODE                 0      0       0       0        0.0%


Microchip Technology PIC18 Macro Assembler V1.45 build -152302408 
Symbol Table                                                                                   Fri Jun 21 03:50:41 2019

                     l25 00D6                       l26 0104                       u20 00EC  
                     u40 011A                       u26 00EE                       u46 011C  
                    l670 0104                      l664 00D6                      _isr 0008  
                   ?_isr 0001                     i2l35 006A                     _main 00B6  
                   fsr0h 000FEA                     fsr1h 000FE2                     fsr2h 000FDA  
                   fsr0l 000FE9                     fsr1l 000FE1                     fsr2l 000FD9  
                   btemp 0018                     prodh 000FF4                     prodl 000FF3  
                   start 000E             ___param_bank 000000                    ??_isr 0001  
                  ?_main 0001                    _CMCON 000FB4                    _T0CON 000FD5  
                  _PORTB 000F81                    _TRISB 000F93                    _count 0016  
                  pclath 000FFA                    tablat 000FF5                    status 000FD8  
                  wtemp6 0019          __initialization 0136             __end_of_main 0136  
                 ??_main 0013            __activetblptr 000000                   _ADCON1 000FC1  
                 _INTCON 000FF2                   _TMR0IF 007F92                   _count1 0014  
                 tblptrh 000FF7                   tblptrl 000FF6                   tblptru 000FF8  
             __accesstop 0080  __end_of__initialization 013E            ___rparam_used 000001  
         __pcstackCOMRAM 0001                  __Hparam 0000                  __Lparam 0000  
                __pcinit 0136                  __ramtop 0600                  __ptext0 00B6  
           __size_of_isr 00AE           __pintcode_body 0012     end_of_initialization 013E  
                int_func 0012      start_initialization 0136              __end_of_isr 00B6  
            __pbssCOMRAM 0014                __pintcode 0008                 _LATBbits 000F8A  
               __Hrparam 0000                 __Lrparam 0000            __size_of_main 0080  
               int$flags 0018                 intlevel2 0000  
